2024-03-21 11:50:28,701:utils.stats:INFO:-----------------------------------------
2024-03-21 11:50:28,701:utils.stats:INFO:PRINTING STATS FOR LST_GEN
2024-03-21 11:50:28,705:utils.stats:INFO:SNAP AVG: nan
2024-03-21 11:50:28,705:utils.stats:INFO:SNAP FRQ: 0
2024-03-21 11:50:28,705:utils.stats:INFO:CML AVG : nan
2024-03-21 11:50:28,705:utils.stats:INFO:CML FRQ : 0
2024-03-21 11:50:28,705:utils.stats:INFO:-----------------------------------------
2024-03-21 11:50:28,705:utils.stats:INFO:-----------------------------------------
2024-03-21 11:50:28,705:utils.stats:INFO:PRINTING STATS FOR POST_GEN
2024-03-21 11:50:28,705:utils.stats:INFO:SNAP AVG: nan
2024-03-21 11:50:28,705:utils.stats:INFO:SNAP FRQ: 0
2024-03-21 11:50:28,705:utils.stats:INFO:CML AVG : nan
2024-03-21 11:50:28,705:utils.stats:INFO:CML FRQ : 0
2024-03-21 11:50:28,705:utils.stats:INFO:-----------------------------------------
2024-03-21 11:50:28,705:utils.stats:INFO:-----------------------------------------
2024-03-21 11:50:28,705:utils.stats:INFO:PRINTING STATS FOR LXSW_GEN
2024-03-21 11:50:28,705:utils.stats:INFO:SNAP AVG: nan
2024-03-21 11:50:28,705:utils.stats:INFO:SNAP FRQ: 0
2024-03-21 11:50:28,705:utils.stats:INFO:CML AVG : nan
2024-03-21 11:50:28,705:utils.stats:INFO:CML FRQ : 0
2024-03-21 11:50:28,705:utils.stats:INFO:-----------------------------------------
2024-03-21 11:50:28,705:utils.stats:INFO:-----------------------------------------
2024-03-21 11:50:28,705:utils.stats:INFO:PRINTING STATS FOR GET_DIST
2024-03-21 11:50:28,705:utils.stats:INFO:SNAP AVG: nan
2024-03-21 11:50:28,705:utils.stats:INFO:SNAP FRQ: 0
2024-03-21 11:50:28,705:utils.stats:INFO:CML AVG : nan
2024-03-21 11:50:28,705:utils.stats:INFO:CML FRQ : 0
2024-03-21 11:50:28,705:utils.stats:INFO:-----------------------------------------
2024-03-21 11:50:31,219:utils.stats:INFO:-----------------------------------------
2024-03-21 11:50:31,219:utils.stats:INFO:PRINTING STATS FOR LST_GEN
2024-03-21 11:50:31,219:utils.stats:INFO:SNAP AVG: 0.002309989625
2024-03-21 11:50:31,219:utils.stats:INFO:SNAP FRQ: 8
2024-03-21 11:50:31,219:utils.stats:INFO:CML AVG : 0.002309989625
2024-03-21 11:50:31,219:utils.stats:INFO:CML FRQ : 8
2024-03-21 11:50:31,219:utils.stats:INFO:-----------------------------------------
2024-03-21 11:50:31,219:utils.stats:INFO:-----------------------------------------
2024-03-21 11:50:31,219:utils.stats:INFO:PRINTING STATS FOR POST_GEN
2024-03-21 11:50:31,219:utils.stats:INFO:SNAP AVG: 0.007434125
2024-03-21 11:50:31,219:utils.stats:INFO:SNAP FRQ: 3
2024-03-21 11:50:31,219:utils.stats:INFO:CML AVG : 0.007434125
2024-03-21 11:50:31,220:utils.stats:INFO:CML FRQ : 3
2024-03-21 11:50:31,220:utils.stats:INFO:-----------------------------------------
2024-03-21 11:50:31,220:utils.stats:INFO:-----------------------------------------
2024-03-21 11:50:31,220:utils.stats:INFO:PRINTING STATS FOR LXSW_GEN
2024-03-21 11:50:31,220:utils.stats:INFO:SNAP AVG: 0.013643537999999998
2024-03-21 11:50:31,220:utils.stats:INFO:SNAP FRQ: 3
2024-03-21 11:50:31,220:utils.stats:INFO:CML AVG : 0.013643537999999998
2024-03-21 11:50:31,220:utils.stats:INFO:CML FRQ : 3
2024-03-21 11:50:31,220:utils.stats:INFO:-----------------------------------------
2024-03-21 11:50:31,220:utils.stats:INFO:-----------------------------------------
2024-03-21 11:50:31,220:utils.stats:INFO:PRINTING STATS FOR GET_DIST
2024-03-21 11:50:31,220:utils.stats:INFO:SNAP AVG: 0.6077815854999999
2024-03-21 11:50:31,220:utils.stats:INFO:SNAP FRQ: 2
2024-03-21 11:50:31,220:utils.stats:INFO:CML AVG : 0.6077815854999999
2024-03-21 11:50:31,220:utils.stats:INFO:CML FRQ : 2
2024-03-21 11:50:31,220:utils.stats:INFO:-----------------------------------------
2024-03-21 11:50:33,632:utils.stats:INFO:-----------------------------------------
2024-03-21 11:50:33,632:utils.stats:INFO:PRINTING STATS FOR LST_GEN
2024-03-21 11:50:33,632:utils.stats:INFO:SNAP AVG: 0.0026026290952380947
2024-03-21 11:50:33,632:utils.stats:INFO:SNAP FRQ: 21
2024-03-21 11:50:33,632:utils.stats:INFO:CML AVG : 0.0025219009655172413
2024-03-21 11:50:33,632:utils.stats:INFO:CML FRQ : 29
2024-03-21 11:50:33,632:utils.stats:INFO:-----------------------------------------
2024-03-21 11:50:33,632:utils.stats:INFO:-----------------------------------------
2024-03-21 11:50:33,632:utils.stats:INFO:PRINTING STATS FOR POST_GEN
2024-03-21 11:50:33,632:utils.stats:INFO:SNAP AVG: 0.0076499256666666664
2024-03-21 11:50:33,632:utils.stats:INFO:SNAP FRQ: 9
2024-03-21 11:50:33,632:utils.stats:INFO:CML AVG : 0.0075959755
2024-03-21 11:50:33,632:utils.stats:INFO:CML FRQ : 12
2024-03-21 11:50:33,632:utils.stats:INFO:-----------------------------------------
2024-03-21 11:50:33,632:utils.stats:INFO:-----------------------------------------
2024-03-21 11:50:33,632:utils.stats:INFO:PRINTING STATS FOR LXSW_GEN
2024-03-21 11:50:33,632:utils.stats:INFO:SNAP AVG: 0.013761184000000001
2024-03-21 11:50:33,632:utils.stats:INFO:SNAP FRQ: 9
2024-03-21 11:50:33,632:utils.stats:INFO:CML AVG : 0.013731772499999998
2024-03-21 11:50:33,632:utils.stats:INFO:CML FRQ : 12
2024-03-21 11:50:33,632:utils.stats:INFO:-----------------------------------------
2024-03-21 11:50:33,632:utils.stats:INFO:-----------------------------------------
2024-03-21 11:50:33,632:utils.stats:INFO:PRINTING STATS FOR GET_DIST
2024-03-21 11:50:33,632:utils.stats:INFO:SNAP AVG: 0.1722356295
2024-03-21 11:50:33,632:utils.stats:INFO:SNAP FRQ: 2
2024-03-21 11:50:33,632:utils.stats:INFO:CML AVG : 0.39000860749999994
2024-03-21 11:50:33,632:utils.stats:INFO:CML FRQ : 4
2024-03-21 11:50:33,632:utils.stats:INFO:-----------------------------------------
2024-03-21 11:50:36,160:utils.stats:INFO:-----------------------------------------
2024-03-21 11:50:36,161:utils.stats:INFO:PRINTING STATS FOR LST_GEN
2024-03-21 11:50:36,161:utils.stats:INFO:SNAP AVG: 0.0022188613636363636
2024-03-21 11:50:36,161:utils.stats:INFO:SNAP FRQ: 22
2024-03-21 11:50:36,161:utils.stats:INFO:CML AVG : 0.002391178
2024-03-21 11:50:36,161:utils.stats:INFO:CML FRQ : 51
2024-03-21 11:50:36,161:utils.stats:INFO:-----------------------------------------
2024-03-21 11:50:36,161:utils.stats:INFO:-----------------------------------------
2024-03-21 11:50:36,161:utils.stats:INFO:PRINTING STATS FOR POST_GEN
2024-03-21 11:50:36,161:utils.stats:INFO:SNAP AVG: 0.00685117288888889
2024-03-21 11:50:36,161:utils.stats:INFO:SNAP FRQ: 9
2024-03-21 11:50:36,161:utils.stats:INFO:CML AVG : 0.00727677438095238
2024-03-21 11:50:36,161:utils.stats:INFO:CML FRQ : 21
2024-03-21 11:50:36,161:utils.stats:INFO:-----------------------------------------
2024-03-21 11:50:36,161:utils.stats:INFO:-----------------------------------------
2024-03-21 11:50:36,161:utils.stats:INFO:PRINTING STATS FOR LXSW_GEN
2024-03-21 11:50:36,161:utils.stats:INFO:SNAP AVG: 0.012320800666666666
2024-03-21 11:50:36,161:utils.stats:INFO:SNAP FRQ: 9
2024-03-21 11:50:36,161:utils.stats:INFO:CML AVG : 0.013127070285714285
2024-03-21 11:50:36,161:utils.stats:INFO:CML FRQ : 21
2024-03-21 11:50:36,161:utils.stats:INFO:-----------------------------------------
2024-03-21 11:50:36,161:utils.stats:INFO:-----------------------------------------
2024-03-21 11:50:36,161:utils.stats:INFO:PRINTING STATS FOR GET_DIST
2024-03-21 11:50:36,161:utils.stats:INFO:SNAP AVG: 0.021379771
2024-03-21 11:50:36,161:utils.stats:INFO:SNAP FRQ: 1
2024-03-21 11:50:36,161:utils.stats:INFO:CML AVG : 0.31628284019999997
2024-03-21 11:50:36,161:utils.stats:INFO:CML FRQ : 5
2024-03-21 11:50:36,161:utils.stats:INFO:-----------------------------------------
2024-03-21 11:50:38,511:utils.stats:INFO:-----------------------------------------
2024-03-21 11:50:38,512:utils.stats:INFO:PRINTING STATS FOR LST_GEN
2024-03-21 11:50:38,512:utils.stats:INFO:SNAP AVG: 0.002048990448275862
2024-03-21 11:50:38,512:utils.stats:INFO:SNAP FRQ: 29
2024-03-21 11:50:38,512:utils.stats:INFO:CML AVG : 0.0022671350125
2024-03-21 11:50:38,512:utils.stats:INFO:CML FRQ : 80
2024-03-21 11:50:38,512:utils.stats:INFO:-----------------------------------------
2024-03-21 11:50:38,512:utils.stats:INFO:-----------------------------------------
2024-03-21 11:50:38,512:utils.stats:INFO:PRINTING STATS FOR POST_GEN
2024-03-21 11:50:38,512:utils.stats:INFO:SNAP AVG: 0.006913545444444445
2024-03-21 11:50:38,512:utils.stats:INFO:SNAP FRQ: 9
2024-03-21 11:50:38,512:utils.stats:INFO:CML AVG : 0.0071678057
2024-03-21 11:50:38,512:utils.stats:INFO:CML FRQ : 30
2024-03-21 11:50:38,512:utils.stats:INFO:-----------------------------------------
2024-03-21 11:50:38,512:utils.stats:INFO:-----------------------------------------
2024-03-21 11:50:38,512:utils.stats:INFO:PRINTING STATS FOR LXSW_GEN
2024-03-21 11:50:38,512:utils.stats:INFO:SNAP AVG: 0.013560322333333333
2024-03-21 11:50:38,512:utils.stats:INFO:SNAP FRQ: 9
2024-03-21 11:50:38,512:utils.stats:INFO:CML AVG : 0.013257045899999998
2024-03-21 11:50:38,512:utils.stats:INFO:CML FRQ : 30
2024-03-21 11:50:38,512:utils.stats:INFO:-----------------------------------------
2024-03-21 11:50:38,512:utils.stats:INFO:-----------------------------------------
2024-03-21 11:50:38,512:utils.stats:INFO:PRINTING STATS FOR GET_DIST
2024-03-21 11:50:38,512:utils.stats:INFO:SNAP AVG: 0.1058019075
2024-03-21 11:50:38,512:utils.stats:INFO:SNAP FRQ: 2
2024-03-21 11:50:38,512:utils.stats:INFO:CML AVG : 0.2561454308571428
2024-03-21 11:50:38,512:utils.stats:INFO:CML FRQ : 7
2024-03-21 11:50:38,512:utils.stats:INFO:-----------------------------------------
2024-03-21 11:50:40,561:utils.stats:INFO:-----------------------------------------
2024-03-21 11:50:40,561:utils.stats:INFO:PRINTING STATS FOR LST_GEN
2024-03-21 11:50:40,561:utils.stats:INFO:SNAP AVG: 0.001415484366666667
2024-03-21 11:50:40,561:utils.stats:INFO:SNAP FRQ: 30
2024-03-21 11:50:40,561:utils.stats:INFO:CML AVG : 0.0020348666545454545
2024-03-21 11:50:40,561:utils.stats:INFO:CML FRQ : 110
2024-03-21 11:50:40,561:utils.stats:INFO:-----------------------------------------
2024-03-21 11:50:40,561:utils.stats:INFO:-----------------------------------------
2024-03-21 11:50:40,561:utils.stats:INFO:PRINTING STATS FOR POST_GEN
2024-03-21 11:50:40,561:utils.stats:INFO:SNAP AVG: 0.006984103875
2024-03-21 11:50:40,561:utils.stats:INFO:SNAP FRQ: 8
2024-03-21 11:50:40,561:utils.stats:INFO:CML AVG : 0.007129131631578946
2024-03-21 11:50:40,561:utils.stats:INFO:CML FRQ : 38
2024-03-21 11:50:40,561:utils.stats:INFO:-----------------------------------------
2024-03-21 11:50:40,561:utils.stats:INFO:-----------------------------------------
2024-03-21 11:50:40,561:utils.stats:INFO:PRINTING STATS FOR LXSW_GEN
2024-03-21 11:50:40,561:utils.stats:INFO:SNAP AVG: 0.012342994
2024-03-21 11:50:40,561:utils.stats:INFO:SNAP FRQ: 8
2024-03-21 11:50:40,561:utils.stats:INFO:CML AVG : 0.013064613921052631
2024-03-21 11:50:40,561:utils.stats:INFO:CML FRQ : 38
2024-03-21 11:50:40,561:utils.stats:INFO:-----------------------------------------
2024-03-21 11:50:40,561:utils.stats:INFO:-----------------------------------------
2024-03-21 11:50:40,561:utils.stats:INFO:PRINTING STATS FOR GET_DIST
2024-03-21 11:50:40,561:utils.stats:INFO:SNAP AVG: 0.158643526
2024-03-21 11:50:40,561:utils.stats:INFO:SNAP FRQ: 1
2024-03-21 11:50:40,561:utils.stats:INFO:CML AVG : 0.24395769275
2024-03-21 11:50:40,561:utils.stats:INFO:CML FRQ : 8
2024-03-21 11:50:40,561:utils.stats:INFO:-----------------------------------------
2024-03-21 11:50:42,843:utils.stats:INFO:-----------------------------------------
2024-03-21 11:50:42,843:utils.stats:INFO:PRINTING STATS FOR LST_GEN
2024-03-21 11:50:42,843:utils.stats:INFO:SNAP AVG: 0.0019170312857142852
2024-03-21 11:50:42,843:utils.stats:INFO:SNAP FRQ: 21
2024-03-21 11:50:42,844:utils.stats:INFO:CML AVG : 0.0020159770152671755
2024-03-21 11:50:42,844:utils.stats:INFO:CML FRQ : 131
2024-03-21 11:50:42,844:utils.stats:INFO:-----------------------------------------
2024-03-21 11:50:42,844:utils.stats:INFO:-----------------------------------------
2024-03-21 11:50:42,844:utils.stats:INFO:PRINTING STATS FOR POST_GEN
2024-03-21 11:50:42,844:utils.stats:INFO:SNAP AVG: 0.007095428714285714
2024-03-21 11:50:42,844:utils.stats:INFO:SNAP FRQ: 7
2024-03-21 11:50:42,844:utils.stats:INFO:CML AVG : 0.007123888955555556
2024-03-21 11:50:42,844:utils.stats:INFO:CML FRQ : 45
2024-03-21 11:50:42,844:utils.stats:INFO:-----------------------------------------
2024-03-21 11:50:42,844:utils.stats:INFO:-----------------------------------------
2024-03-21 11:50:42,844:utils.stats:INFO:PRINTING STATS FOR LXSW_GEN
2024-03-21 11:50:42,844:utils.stats:INFO:SNAP AVG: 0.012891786571428572
2024-03-21 11:50:42,844:utils.stats:INFO:SNAP FRQ: 7
2024-03-21 11:50:42,844:utils.stats:INFO:CML AVG : 0.013037729666666668
2024-03-21 11:50:42,844:utils.stats:INFO:CML FRQ : 45
2024-03-21 11:50:42,844:utils.stats:INFO:-----------------------------------------
2024-03-21 11:50:42,844:utils.stats:INFO:-----------------------------------------
2024-03-21 11:50:42,844:utils.stats:INFO:PRINTING STATS FOR GET_DIST
2024-03-21 11:50:42,844:utils.stats:INFO:SNAP AVG: 0.180853932
2024-03-21 11:50:42,844:utils.stats:INFO:SNAP FRQ: 1
2024-03-21 11:50:42,844:utils.stats:INFO:CML AVG : 0.23694616377777777
2024-03-21 11:50:42,844:utils.stats:INFO:CML FRQ : 9
2024-03-21 11:50:42,844:utils.stats:INFO:-----------------------------------------
2024-03-21 11:50:44,866:utils.stats:INFO:-----------------------------------------
2024-03-21 11:50:44,866:utils.stats:INFO:PRINTING STATS FOR LST_GEN
2024-03-21 11:50:44,867:utils.stats:INFO:SNAP AVG: 0.0022289012173913043
2024-03-21 11:50:44,867:utils.stats:INFO:SNAP FRQ: 23
2024-03-21 11:50:44,867:utils.stats:INFO:CML AVG : 0.0020477773831168835
2024-03-21 11:50:44,867:utils.stats:INFO:CML FRQ : 154
2024-03-21 11:50:44,867:utils.stats:INFO:-----------------------------------------
2024-03-21 11:50:44,867:utils.stats:INFO:-----------------------------------------
2024-03-21 11:50:44,867:utils.stats:INFO:PRINTING STATS FOR POST_GEN
2024-03-21 11:50:44,867:utils.stats:INFO:SNAP AVG: 0.006892478666666667
2024-03-21 11:50:44,867:utils.stats:INFO:SNAP FRQ: 9
2024-03-21 11:50:44,867:utils.stats:INFO:CML AVG : 0.007085320574074073
2024-03-21 11:50:44,867:utils.stats:INFO:CML FRQ : 54
2024-03-21 11:50:44,867:utils.stats:INFO:-----------------------------------------
2024-03-21 11:50:44,867:utils.stats:INFO:-----------------------------------------
2024-03-21 11:50:44,867:utils.stats:INFO:PRINTING STATS FOR LXSW_GEN
2024-03-21 11:50:44,867:utils.stats:INFO:SNAP AVG: 0.012629306
2024-03-21 11:50:44,867:utils.stats:INFO:SNAP FRQ: 9
2024-03-21 11:50:44,867:utils.stats:INFO:CML AVG : 0.012969659055555556
2024-03-21 11:50:44,867:utils.stats:INFO:CML FRQ : 54
2024-03-21 11:50:44,867:utils.stats:INFO:-----------------------------------------
2024-03-21 11:50:44,867:utils.stats:INFO:-----------------------------------------
2024-03-21 11:50:44,867:utils.stats:INFO:PRINTING STATS FOR GET_DIST
2024-03-21 11:50:44,867:utils.stats:INFO:SNAP AVG: 0.023565225
2024-03-21 11:50:44,867:utils.stats:INFO:SNAP FRQ: 2
2024-03-21 11:50:44,867:utils.stats:INFO:CML AVG : 0.19814962945454545
2024-03-21 11:50:44,867:utils.stats:INFO:CML FRQ : 11
2024-03-21 11:50:44,867:utils.stats:INFO:-----------------------------------------
2024-03-21 11:50:46,888:utils.stats:INFO:-----------------------------------------
2024-03-21 11:50:46,888:utils.stats:INFO:PRINTING STATS FOR LST_GEN
2024-03-21 11:50:46,888:utils.stats:INFO:SNAP AVG: 0.002068838851851852
2024-03-21 11:50:46,888:utils.stats:INFO:SNAP FRQ: 27
2024-03-21 11:50:46,888:utils.stats:INFO:CML AVG : 0.0020509191491712704
2024-03-21 11:50:46,888:utils.stats:INFO:CML FRQ : 181
2024-03-21 11:50:46,888:utils.stats:INFO:-----------------------------------------
2024-03-21 11:50:46,888:utils.stats:INFO:-----------------------------------------
2024-03-21 11:50:46,888:utils.stats:INFO:PRINTING STATS FOR POST_GEN
2024-03-21 11:50:46,888:utils.stats:INFO:SNAP AVG: 0.00683816325
2024-03-21 11:50:46,888:utils.stats:INFO:SNAP FRQ: 8
2024-03-21 11:50:46,889:utils.stats:INFO:CML AVG : 0.007053429306451613
2024-03-21 11:50:46,889:utils.stats:INFO:CML FRQ : 62
2024-03-21 11:50:46,889:utils.stats:INFO:-----------------------------------------
2024-03-21 11:50:46,889:utils.stats:INFO:-----------------------------------------
2024-03-21 11:50:46,889:utils.stats:INFO:PRINTING STATS FOR LXSW_GEN
2024-03-21 11:50:46,889:utils.stats:INFO:SNAP AVG: 0.013866742000000001
2024-03-21 11:50:46,889:utils.stats:INFO:SNAP FRQ: 8
2024-03-21 11:50:46,889:utils.stats:INFO:CML AVG : 0.013085411693548385
2024-03-21 11:50:46,889:utils.stats:INFO:CML FRQ : 62
2024-03-21 11:50:46,889:utils.stats:INFO:-----------------------------------------
2024-03-21 11:50:46,889:utils.stats:INFO:-----------------------------------------
2024-03-21 11:50:46,889:utils.stats:INFO:PRINTING STATS FOR GET_DIST
2024-03-21 11:50:46,889:utils.stats:INFO:SNAP AVG: 0.02522343
2024-03-21 11:50:46,889:utils.stats:INFO:SNAP FRQ: 1
2024-03-21 11:50:46,889:utils.stats:INFO:CML AVG : 0.18373911283333333
2024-03-21 11:50:46,889:utils.stats:INFO:CML FRQ : 12
2024-03-21 11:50:46,889:utils.stats:INFO:-----------------------------------------
