2024-03-21 11:57:58,836:utils.stats:INFO:-----------------------------------------
2024-03-21 11:57:58,836:utils.stats:INFO:PRINTING STATS FOR LST_GEN
2024-03-21 11:57:58,837:utils.stats:INFO:SNAP AVG: nan
2024-03-21 11:57:58,837:utils.stats:INFO:SNAP FRQ: 0
2024-03-21 11:57:58,837:utils.stats:INFO:CML AVG : nan
2024-03-21 11:57:58,837:utils.stats:INFO:CML FRQ : 0
2024-03-21 11:57:58,837:utils.stats:INFO:-----------------------------------------
2024-03-21 11:57:58,837:utils.stats:INFO:-----------------------------------------
2024-03-21 11:57:58,837:utils.stats:INFO:PRINTING STATS FOR POST_GEN
2024-03-21 11:57:58,837:utils.stats:INFO:SNAP AVG: nan
2024-03-21 11:57:58,837:utils.stats:INFO:SNAP FRQ: 0
2024-03-21 11:57:58,837:utils.stats:INFO:CML AVG : nan
2024-03-21 11:57:58,837:utils.stats:INFO:CML FRQ : 0
2024-03-21 11:57:58,837:utils.stats:INFO:-----------------------------------------
2024-03-21 11:57:58,837:utils.stats:INFO:-----------------------------------------
2024-03-21 11:57:58,837:utils.stats:INFO:PRINTING STATS FOR LXSW_GEN
2024-03-21 11:57:58,837:utils.stats:INFO:SNAP AVG: nan
2024-03-21 11:57:58,837:utils.stats:INFO:SNAP FRQ: 0
2024-03-21 11:57:58,837:utils.stats:INFO:CML AVG : nan
2024-03-21 11:57:58,837:utils.stats:INFO:CML FRQ : 0
2024-03-21 11:57:58,837:utils.stats:INFO:-----------------------------------------
2024-03-21 11:57:58,837:utils.stats:INFO:-----------------------------------------
2024-03-21 11:57:58,837:utils.stats:INFO:PRINTING STATS FOR GET_DIST
2024-03-21 11:57:58,837:utils.stats:INFO:SNAP AVG: nan
2024-03-21 11:57:58,837:utils.stats:INFO:SNAP FRQ: 0
2024-03-21 11:57:58,837:utils.stats:INFO:CML AVG : nan
2024-03-21 11:57:58,837:utils.stats:INFO:CML FRQ : 0
2024-03-21 11:57:58,837:utils.stats:INFO:-----------------------------------------
2024-03-21 11:58:01,400:utils.stats:INFO:-----------------------------------------
2024-03-21 11:58:01,400:utils.stats:INFO:PRINTING STATS FOR LST_GEN
2024-03-21 11:58:01,401:utils.stats:INFO:SNAP AVG: 0.0024393538333333333
2024-03-21 11:58:01,401:utils.stats:INFO:SNAP FRQ: 12
2024-03-21 11:58:01,401:utils.stats:INFO:CML AVG : 0.0024393538333333333
2024-03-21 11:58:01,401:utils.stats:INFO:CML FRQ : 12
2024-03-21 11:58:01,401:utils.stats:INFO:-----------------------------------------
2024-03-21 11:58:01,401:utils.stats:INFO:-----------------------------------------
2024-03-21 11:58:01,401:utils.stats:INFO:PRINTING STATS FOR POST_GEN
2024-03-21 11:58:01,401:utils.stats:INFO:SNAP AVG: 0.009491104666666667
2024-03-21 11:58:01,401:utils.stats:INFO:SNAP FRQ: 3
2024-03-21 11:58:01,401:utils.stats:INFO:CML AVG : 0.009491104666666667
2024-03-21 11:58:01,401:utils.stats:INFO:CML FRQ : 3
2024-03-21 11:58:01,401:utils.stats:INFO:-----------------------------------------
2024-03-21 11:58:01,401:utils.stats:INFO:-----------------------------------------
2024-03-21 11:58:01,401:utils.stats:INFO:PRINTING STATS FOR LXSW_GEN
2024-03-21 11:58:01,401:utils.stats:INFO:SNAP AVG: 0.019285659666666666
2024-03-21 11:58:01,401:utils.stats:INFO:SNAP FRQ: 3
2024-03-21 11:58:01,401:utils.stats:INFO:CML AVG : 0.019285659666666666
2024-03-21 11:58:01,401:utils.stats:INFO:CML FRQ : 3
2024-03-21 11:58:01,401:utils.stats:INFO:-----------------------------------------
2024-03-21 11:58:01,401:utils.stats:INFO:-----------------------------------------
2024-03-21 11:58:01,401:utils.stats:INFO:PRINTING STATS FOR GET_DIST
2024-03-21 11:58:01,401:utils.stats:INFO:SNAP AVG: 0.5662212975
2024-03-21 11:58:01,401:utils.stats:INFO:SNAP FRQ: 2
2024-03-21 11:58:01,401:utils.stats:INFO:CML AVG : 0.5662212975
2024-03-21 11:58:01,401:utils.stats:INFO:CML FRQ : 2
2024-03-21 11:58:01,401:utils.stats:INFO:-----------------------------------------
2024-03-21 11:58:03,635:utils.stats:INFO:-----------------------------------------
2024-03-21 11:58:03,636:utils.stats:INFO:PRINTING STATS FOR LST_GEN
2024-03-21 11:58:03,636:utils.stats:INFO:SNAP AVG: 0.0038489552499999997
2024-03-21 11:58:03,636:utils.stats:INFO:SNAP FRQ: 16
2024-03-21 11:58:03,636:utils.stats:INFO:CML AVG : 0.003244840357142857
2024-03-21 11:58:03,636:utils.stats:INFO:CML FRQ : 28
2024-03-21 11:58:03,636:utils.stats:INFO:-----------------------------------------
2024-03-21 11:58:03,636:utils.stats:INFO:-----------------------------------------
2024-03-21 11:58:03,636:utils.stats:INFO:PRINTING STATS FOR POST_GEN
2024-03-21 11:58:03,636:utils.stats:INFO:SNAP AVG: 0.007565603666666667
2024-03-21 11:58:03,636:utils.stats:INFO:SNAP FRQ: 9
2024-03-21 11:58:03,636:utils.stats:INFO:CML AVG : 0.008046978916666666
2024-03-21 11:58:03,636:utils.stats:INFO:CML FRQ : 12
2024-03-21 11:58:03,636:utils.stats:INFO:-----------------------------------------
2024-03-21 11:58:03,636:utils.stats:INFO:-----------------------------------------
2024-03-21 11:58:03,636:utils.stats:INFO:PRINTING STATS FOR LXSW_GEN
2024-03-21 11:58:03,636:utils.stats:INFO:SNAP AVG: 0.014432621777777778
2024-03-21 11:58:03,636:utils.stats:INFO:SNAP FRQ: 9
2024-03-21 11:58:03,636:utils.stats:INFO:CML AVG : 0.01564588125
2024-03-21 11:58:03,636:utils.stats:INFO:CML FRQ : 12
2024-03-21 11:58:03,636:utils.stats:INFO:-----------------------------------------
2024-03-21 11:58:03,636:utils.stats:INFO:-----------------------------------------
2024-03-21 11:58:03,636:utils.stats:INFO:PRINTING STATS FOR GET_DIST
2024-03-21 11:58:03,636:utils.stats:INFO:SNAP AVG: 0.011105760499999999
2024-03-21 11:58:03,636:utils.stats:INFO:SNAP FRQ: 2
2024-03-21 11:58:03,636:utils.stats:INFO:CML AVG : 0.28866352900000003
2024-03-21 11:58:03,636:utils.stats:INFO:CML FRQ : 4
2024-03-21 11:58:03,636:utils.stats:INFO:-----------------------------------------
2024-03-21 11:58:06,166:utils.stats:INFO:-----------------------------------------
2024-03-21 11:58:06,166:utils.stats:INFO:PRINTING STATS FOR LST_GEN
2024-03-21 11:58:06,166:utils.stats:INFO:SNAP AVG: 0.0031632445789473683
2024-03-21 11:58:06,166:utils.stats:INFO:SNAP FRQ: 38
2024-03-21 11:58:06,166:utils.stats:INFO:CML AVG : 0.0031978609696969697
2024-03-21 11:58:06,166:utils.stats:INFO:CML FRQ : 66
2024-03-21 11:58:06,166:utils.stats:INFO:-----------------------------------------
2024-03-21 11:58:06,166:utils.stats:INFO:-----------------------------------------
2024-03-21 11:58:06,166:utils.stats:INFO:PRINTING STATS FOR POST_GEN
2024-03-21 11:58:06,166:utils.stats:INFO:SNAP AVG: 0.0065304280000000004
2024-03-21 11:58:06,166:utils.stats:INFO:SNAP FRQ: 9
2024-03-21 11:58:06,166:utils.stats:INFO:CML AVG : 0.007397028523809522
2024-03-21 11:58:06,166:utils.stats:INFO:CML FRQ : 21
2024-03-21 11:58:06,166:utils.stats:INFO:-----------------------------------------
2024-03-21 11:58:06,166:utils.stats:INFO:-----------------------------------------
2024-03-21 11:58:06,166:utils.stats:INFO:PRINTING STATS FOR LXSW_GEN
2024-03-21 11:58:06,166:utils.stats:INFO:SNAP AVG: 0.019918692
2024-03-21 11:58:06,166:utils.stats:INFO:SNAP FRQ: 9
2024-03-21 11:58:06,167:utils.stats:INFO:CML AVG : 0.017477085857142857
2024-03-21 11:58:06,167:utils.stats:INFO:CML FRQ : 21
2024-03-21 11:58:06,167:utils.stats:INFO:-----------------------------------------
2024-03-21 11:58:06,167:utils.stats:INFO:-----------------------------------------
2024-03-21 11:58:06,167:utils.stats:INFO:PRINTING STATS FOR GET_DIST
2024-03-21 11:58:06,167:utils.stats:INFO:SNAP AVG: 0.012449066
2024-03-21 11:58:06,167:utils.stats:INFO:SNAP FRQ: 1
2024-03-21 11:58:06,167:utils.stats:INFO:CML AVG : 0.23342063640000005
2024-03-21 11:58:06,167:utils.stats:INFO:CML FRQ : 5
2024-03-21 11:58:06,167:utils.stats:INFO:-----------------------------------------
2024-03-21 11:58:08,370:utils.stats:INFO:-----------------------------------------
2024-03-21 11:58:08,370:utils.stats:INFO:PRINTING STATS FOR LST_GEN
2024-03-21 11:58:08,370:utils.stats:INFO:SNAP AVG: 0.0025026229230769234
2024-03-21 11:58:08,370:utils.stats:INFO:SNAP FRQ: 26
2024-03-21 11:58:08,371:utils.stats:INFO:CML AVG : 0.003001380652173913
2024-03-21 11:58:08,371:utils.stats:INFO:CML FRQ : 92
2024-03-21 11:58:08,371:utils.stats:INFO:-----------------------------------------
2024-03-21 11:58:08,371:utils.stats:INFO:-----------------------------------------
2024-03-21 11:58:08,371:utils.stats:INFO:PRINTING STATS FOR POST_GEN
2024-03-21 11:58:08,371:utils.stats:INFO:SNAP AVG: 0.006575289100000001
2024-03-21 11:58:08,371:utils.stats:INFO:SNAP FRQ: 10
2024-03-21 11:58:08,371:utils.stats:INFO:CML AVG : 0.0071319512903225794
2024-03-21 11:58:08,371:utils.stats:INFO:CML FRQ : 31
2024-03-21 11:58:08,371:utils.stats:INFO:-----------------------------------------
2024-03-21 11:58:08,371:utils.stats:INFO:-----------------------------------------
2024-03-21 11:58:08,371:utils.stats:INFO:PRINTING STATS FOR LXSW_GEN
2024-03-21 11:58:08,371:utils.stats:INFO:SNAP AVG: 0.013107923399999999
2024-03-21 11:58:08,371:utils.stats:INFO:SNAP FRQ: 10
2024-03-21 11:58:08,371:utils.stats:INFO:CML AVG : 0.016067678612903227
2024-03-21 11:58:08,371:utils.stats:INFO:CML FRQ : 31
2024-03-21 11:58:08,371:utils.stats:INFO:-----------------------------------------
2024-03-21 11:58:08,371:utils.stats:INFO:-----------------------------------------
2024-03-21 11:58:08,371:utils.stats:INFO:PRINTING STATS FOR GET_DIST
2024-03-21 11:58:08,371:utils.stats:INFO:SNAP AVG: 0.012398699499999999
2024-03-21 11:58:08,371:utils.stats:INFO:SNAP FRQ: 2
2024-03-21 11:58:08,371:utils.stats:INFO:CML AVG : 0.17027151157142859
2024-03-21 11:58:08,371:utils.stats:INFO:CML FRQ : 7
2024-03-21 11:58:08,371:utils.stats:INFO:-----------------------------------------
2024-03-21 11:58:10,651:utils.stats:INFO:-----------------------------------------
2024-03-21 11:58:10,651:utils.stats:INFO:PRINTING STATS FOR LST_GEN
2024-03-21 11:58:10,651:utils.stats:INFO:SNAP AVG: 0.002330572608695652
2024-03-21 11:58:10,651:utils.stats:INFO:SNAP FRQ: 23
2024-03-21 11:58:10,651:utils.stats:INFO:CML AVG : 0.0028672190434782608
2024-03-21 11:58:10,651:utils.stats:INFO:CML FRQ : 115
2024-03-21 11:58:10,651:utils.stats:INFO:-----------------------------------------
2024-03-21 11:58:10,652:utils.stats:INFO:-----------------------------------------
2024-03-21 11:58:10,652:utils.stats:INFO:PRINTING STATS FOR POST_GEN
2024-03-21 11:58:10,652:utils.stats:INFO:SNAP AVG: 0.006493765375
2024-03-21 11:58:10,652:utils.stats:INFO:SNAP FRQ: 8
2024-03-21 11:58:10,652:utils.stats:INFO:CML AVG : 0.007001041358974358
2024-03-21 11:58:10,652:utils.stats:INFO:CML FRQ : 39
2024-03-21 11:58:10,652:utils.stats:INFO:-----------------------------------------
2024-03-21 11:58:10,652:utils.stats:INFO:-----------------------------------------
2024-03-21 11:58:10,652:utils.stats:INFO:PRINTING STATS FOR LXSW_GEN
2024-03-21 11:58:10,652:utils.stats:INFO:SNAP AVG: 0.013221978999999998
2024-03-21 11:58:10,652:utils.stats:INFO:SNAP FRQ: 8
2024-03-21 11:58:10,652:utils.stats:INFO:CML AVG : 0.015483945358974363
2024-03-21 11:58:10,652:utils.stats:INFO:CML FRQ : 39
2024-03-21 11:58:10,652:utils.stats:INFO:-----------------------------------------
2024-03-21 11:58:10,652:utils.stats:INFO:-----------------------------------------
2024-03-21 11:58:10,652:utils.stats:INFO:PRINTING STATS FOR GET_DIST
2024-03-21 11:58:10,652:utils.stats:INFO:SNAP AVG: 0.00979732
2024-03-21 11:58:10,652:utils.stats:INFO:SNAP FRQ: 1
2024-03-21 11:58:10,652:utils.stats:INFO:CML AVG : 0.15021223762500002
2024-03-21 11:58:10,652:utils.stats:INFO:CML FRQ : 8
2024-03-21 11:58:10,652:utils.stats:INFO:-----------------------------------------
2024-03-21 11:58:12,850:utils.stats:INFO:-----------------------------------------
2024-03-21 11:58:12,850:utils.stats:INFO:PRINTING STATS FOR LST_GEN
2024-03-21 11:58:12,850:utils.stats:INFO:SNAP AVG: 0.0027699683461538463
2024-03-21 11:58:12,851:utils.stats:INFO:SNAP FRQ: 26
2024-03-21 11:58:12,851:utils.stats:INFO:CML AVG : 0.0028492862907801416
2024-03-21 11:58:12,851:utils.stats:INFO:CML FRQ : 141
2024-03-21 11:58:12,851:utils.stats:INFO:-----------------------------------------
2024-03-21 11:58:12,851:utils.stats:INFO:-----------------------------------------
2024-03-21 11:58:12,851:utils.stats:INFO:PRINTING STATS FOR POST_GEN
2024-03-21 11:58:12,851:utils.stats:INFO:SNAP AVG: 0.006714537999999999
2024-03-21 11:58:12,851:utils.stats:INFO:SNAP FRQ: 10
2024-03-21 11:58:12,851:utils.stats:INFO:CML AVG : 0.006942571285714286
2024-03-21 11:58:12,851:utils.stats:INFO:CML FRQ : 49
2024-03-21 11:58:12,851:utils.stats:INFO:-----------------------------------------
2024-03-21 11:58:12,851:utils.stats:INFO:-----------------------------------------
2024-03-21 11:58:12,851:utils.stats:INFO:PRINTING STATS FOR LXSW_GEN
2024-03-21 11:58:12,851:utils.stats:INFO:SNAP AVG: 0.0139433639
2024-03-21 11:58:12,851:utils.stats:INFO:SNAP FRQ: 10
2024-03-21 11:58:12,851:utils.stats:INFO:CML AVG : 0.015169540979591835
2024-03-21 11:58:12,851:utils.stats:INFO:CML FRQ : 49
2024-03-21 11:58:12,851:utils.stats:INFO:-----------------------------------------
2024-03-21 11:58:12,851:utils.stats:INFO:-----------------------------------------
2024-03-21 11:58:12,851:utils.stats:INFO:PRINTING STATS FOR GET_DIST
2024-03-21 11:58:12,851:utils.stats:INFO:SNAP AVG: 0.011181873
2024-03-21 11:58:12,851:utils.stats:INFO:SNAP FRQ: 2
2024-03-21 11:58:12,851:utils.stats:INFO:CML AVG : 0.12240616470000003
2024-03-21 11:58:12,851:utils.stats:INFO:CML FRQ : 10
2024-03-21 11:58:12,851:utils.stats:INFO:-----------------------------------------
2024-03-21 11:58:15,150:utils.stats:INFO:-----------------------------------------
2024-03-21 11:58:15,150:utils.stats:INFO:PRINTING STATS FOR LST_GEN
2024-03-21 11:58:15,150:utils.stats:INFO:SNAP AVG: 0.00283708625
2024-03-21 11:58:15,150:utils.stats:INFO:SNAP FRQ: 20
2024-03-21 11:58:15,150:utils.stats:INFO:CML AVG : 0.0028477707577639756
2024-03-21 11:58:15,150:utils.stats:INFO:CML FRQ : 161
2024-03-21 11:58:15,150:utils.stats:INFO:-----------------------------------------
2024-03-21 11:58:15,150:utils.stats:INFO:-----------------------------------------
2024-03-21 11:58:15,150:utils.stats:INFO:PRINTING STATS FOR POST_GEN
2024-03-21 11:58:15,150:utils.stats:INFO:SNAP AVG: 0.006593043
2024-03-21 11:58:15,150:utils.stats:INFO:SNAP FRQ: 8
2024-03-21 11:58:15,150:utils.stats:INFO:CML AVG : 0.006893514684210527
2024-03-21 11:58:15,150:utils.stats:INFO:CML FRQ : 57
2024-03-21 11:58:15,150:utils.stats:INFO:-----------------------------------------
2024-03-21 11:58:15,150:utils.stats:INFO:-----------------------------------------
2024-03-21 11:58:15,150:utils.stats:INFO:PRINTING STATS FOR LXSW_GEN
2024-03-21 11:58:15,150:utils.stats:INFO:SNAP AVG: 0.013711986499999999
2024-03-21 11:58:15,150:utils.stats:INFO:SNAP FRQ: 8
2024-03-21 11:58:15,150:utils.stats:INFO:CML AVG : 0.014964971929824562
2024-03-21 11:58:15,150:utils.stats:INFO:CML FRQ : 57
2024-03-21 11:58:15,150:utils.stats:INFO:-----------------------------------------
2024-03-21 11:58:15,150:utils.stats:INFO:-----------------------------------------
2024-03-21 11:58:15,150:utils.stats:INFO:PRINTING STATS FOR GET_DIST
2024-03-21 11:58:15,150:utils.stats:INFO:SNAP AVG: 0.009759057
2024-03-21 11:58:15,150:utils.stats:INFO:SNAP FRQ: 1
2024-03-21 11:58:15,150:utils.stats:INFO:CML AVG : 0.11216551854545456
2024-03-21 11:58:15,150:utils.stats:INFO:CML FRQ : 11
2024-03-21 11:58:15,150:utils.stats:INFO:-----------------------------------------
2024-03-21 11:58:17,424:utils.stats:INFO:-----------------------------------------
2024-03-21 11:58:17,424:utils.stats:INFO:PRINTING STATS FOR LST_GEN
2024-03-21 11:58:17,424:utils.stats:INFO:SNAP AVG: 0.0030017465294117644
2024-03-21 11:58:17,424:utils.stats:INFO:SNAP FRQ: 17
2024-03-21 11:58:17,424:utils.stats:INFO:CML AVG : 0.0028624763089887635
2024-03-21 11:58:17,424:utils.stats:INFO:CML FRQ : 178
2024-03-21 11:58:17,424:utils.stats:INFO:-----------------------------------------
2024-03-21 11:58:17,424:utils.stats:INFO:-----------------------------------------
2024-03-21 11:58:17,424:utils.stats:INFO:PRINTING STATS FOR POST_GEN
2024-03-21 11:58:17,424:utils.stats:INFO:SNAP AVG: 0.007445007888888889
2024-03-21 11:58:17,424:utils.stats:INFO:SNAP FRQ: 9
2024-03-21 11:58:17,424:utils.stats:INFO:CML AVG : 0.006968718303030304
2024-03-21 11:58:17,424:utils.stats:INFO:CML FRQ : 66
2024-03-21 11:58:17,424:utils.stats:INFO:-----------------------------------------
2024-03-21 11:58:17,424:utils.stats:INFO:-----------------------------------------
2024-03-21 11:58:17,424:utils.stats:INFO:PRINTING STATS FOR LXSW_GEN
2024-03-21 11:58:17,424:utils.stats:INFO:SNAP AVG: 0.013141297888888888
2024-03-21 11:58:17,424:utils.stats:INFO:SNAP FRQ: 9
2024-03-21 11:58:17,424:utils.stats:INFO:CML AVG : 0.014716289106060607
2024-03-21 11:58:17,424:utils.stats:INFO:CML FRQ : 66
2024-03-21 11:58:17,424:utils.stats:INFO:-----------------------------------------
2024-03-21 11:58:17,424:utils.stats:INFO:-----------------------------------------
2024-03-21 11:58:17,424:utils.stats:INFO:PRINTING STATS FOR GET_DIST
2024-03-21 11:58:17,424:utils.stats:INFO:SNAP AVG: 0.013426799
2024-03-21 11:58:17,424:utils.stats:INFO:SNAP FRQ: 2
2024-03-21 11:58:17,424:utils.stats:INFO:CML AVG : 0.09697494630769232
2024-03-21 11:58:17,424:utils.stats:INFO:CML FRQ : 13
2024-03-21 11:58:17,424:utils.stats:INFO:-----------------------------------------
2024-03-21 11:58:19,619:utils.stats:INFO:-----------------------------------------
2024-03-21 11:58:19,619:utils.stats:INFO:PRINTING STATS FOR LST_GEN
2024-03-21 11:58:19,619:utils.stats:INFO:SNAP AVG: 0.002631336055555555
2024-03-21 11:58:19,619:utils.stats:INFO:SNAP FRQ: 36
2024-03-21 11:58:19,619:utils.stats:INFO:CML AVG : 0.0028235929018691585
2024-03-21 11:58:19,619:utils.stats:INFO:CML FRQ : 214
2024-03-21 11:58:19,619:utils.stats:INFO:-----------------------------------------
2024-03-21 11:58:19,619:utils.stats:INFO:-----------------------------------------
2024-03-21 11:58:19,619:utils.stats:INFO:PRINTING STATS FOR POST_GEN
2024-03-21 11:58:19,619:utils.stats:INFO:SNAP AVG: 0.006791111000000001
2024-03-21 11:58:19,619:utils.stats:INFO:SNAP FRQ: 8
2024-03-21 11:58:19,619:utils.stats:INFO:CML AVG : 0.0069495175135135135
2024-03-21 11:58:19,619:utils.stats:INFO:CML FRQ : 74
2024-03-21 11:58:19,619:utils.stats:INFO:-----------------------------------------
2024-03-21 11:58:19,619:utils.stats:INFO:-----------------------------------------
2024-03-21 11:58:19,619:utils.stats:INFO:PRINTING STATS FOR LXSW_GEN
2024-03-21 11:58:19,619:utils.stats:INFO:SNAP AVG: 0.0186682705
2024-03-21 11:58:19,619:utils.stats:INFO:SNAP FRQ: 8
2024-03-21 11:58:19,619:utils.stats:INFO:CML AVG : 0.015143530337837836
2024-03-21 11:58:19,619:utils.stats:INFO:CML FRQ : 74
2024-03-21 11:58:19,619:utils.stats:INFO:-----------------------------------------
2024-03-21 11:58:19,619:utils.stats:INFO:-----------------------------------------
2024-03-21 11:58:19,619:utils.stats:INFO:PRINTING STATS FOR GET_DIST
2024-03-21 11:58:19,619:utils.stats:INFO:SNAP AVG: 0.012512132
2024-03-21 11:58:19,619:utils.stats:INFO:SNAP FRQ: 1
2024-03-21 11:58:19,619:utils.stats:INFO:CML AVG : 0.09094188814285716
2024-03-21 11:58:19,619:utils.stats:INFO:CML FRQ : 14
2024-03-21 11:58:19,619:utils.stats:INFO:-----------------------------------------
2024-03-21 11:58:21,774:utils.stats:INFO:-----------------------------------------
2024-03-21 11:58:21,775:utils.stats:INFO:PRINTING STATS FOR LST_GEN
2024-03-21 11:58:21,775:utils.stats:INFO:SNAP AVG: 0.001801611923076923
2024-03-21 11:58:21,775:utils.stats:INFO:SNAP FRQ: 13
2024-03-21 11:58:21,775:utils.stats:INFO:CML AVG : 0.002765065356828194
2024-03-21 11:58:21,775:utils.stats:INFO:CML FRQ : 227
2024-03-21 11:58:21,775:utils.stats:INFO:-----------------------------------------
2024-03-21 11:58:21,775:utils.stats:INFO:-----------------------------------------
2024-03-21 11:58:21,775:utils.stats:INFO:PRINTING STATS FOR POST_GEN
2024-03-21 11:58:21,775:utils.stats:INFO:SNAP AVG: 0.00654697442857143
2024-03-21 11:58:21,775:utils.stats:INFO:SNAP FRQ: 7
2024-03-21 11:58:21,775:utils.stats:INFO:CML AVG : 0.006914729839506174
2024-03-21 11:58:21,775:utils.stats:INFO:CML FRQ : 81
2024-03-21 11:58:21,775:utils.stats:INFO:-----------------------------------------
2024-03-21 11:58:21,775:utils.stats:INFO:-----------------------------------------
2024-03-21 11:58:21,775:utils.stats:INFO:PRINTING STATS FOR LXSW_GEN
2024-03-21 11:58:21,775:utils.stats:INFO:SNAP AVG: 0.009916233142857145
2024-03-21 11:58:21,775:utils.stats:INFO:SNAP FRQ: 7
2024-03-21 11:58:21,775:utils.stats:INFO:CML AVG : 0.014691788604938272
2024-03-21 11:58:21,775:utils.stats:INFO:CML FRQ : 81
2024-03-21 11:58:21,775:utils.stats:INFO:-----------------------------------------
2024-03-21 11:58:21,775:utils.stats:INFO:-----------------------------------------
2024-03-21 11:58:21,775:utils.stats:INFO:PRINTING STATS FOR GET_DIST
2024-03-21 11:58:21,775:utils.stats:INFO:SNAP AVG: 0.012543102
2024-03-21 11:58:21,775:utils.stats:INFO:SNAP FRQ: 1
2024-03-21 11:58:21,775:utils.stats:INFO:CML AVG : 0.0857153024
2024-03-21 11:58:21,775:utils.stats:INFO:CML FRQ : 15
2024-03-21 11:58:21,775:utils.stats:INFO:-----------------------------------------
2024-03-21 11:58:24,056:utils.stats:INFO:-----------------------------------------
2024-03-21 11:58:24,056:utils.stats:INFO:PRINTING STATS FOR LST_GEN
2024-03-21 11:58:24,056:utils.stats:INFO:SNAP AVG: 0.004114762464285714
2024-03-21 11:58:24,056:utils.stats:INFO:SNAP FRQ: 28
2024-03-21 11:58:24,056:utils.stats:INFO:CML AVG : 0.0029132673921568627
2024-03-21 11:58:24,056:utils.stats:INFO:CML FRQ : 255
2024-03-21 11:58:24,056:utils.stats:INFO:-----------------------------------------
2024-03-21 11:58:24,056:utils.stats:INFO:-----------------------------------------
2024-03-21 11:58:24,056:utils.stats:INFO:PRINTING STATS FOR POST_GEN
2024-03-21 11:58:24,056:utils.stats:INFO:SNAP AVG: 0.006604533555555556
2024-03-21 11:58:24,056:utils.stats:INFO:SNAP FRQ: 9
2024-03-21 11:58:24,056:utils.stats:INFO:CML AVG : 0.0068837102111111124
2024-03-21 11:58:24,056:utils.stats:INFO:CML FRQ : 90
2024-03-21 11:58:24,056:utils.stats:INFO:-----------------------------------------
2024-03-21 11:58:24,056:utils.stats:INFO:-----------------------------------------
2024-03-21 11:58:24,056:utils.stats:INFO:PRINTING STATS FOR LXSW_GEN
2024-03-21 11:58:24,056:utils.stats:INFO:SNAP AVG: 0.019433386222222224
2024-03-21 11:58:24,056:utils.stats:INFO:SNAP FRQ: 9
2024-03-21 11:58:24,056:utils.stats:INFO:CML AVG : 0.015165948366666668
2024-03-21 11:58:24,056:utils.stats:INFO:CML FRQ : 90
2024-03-21 11:58:24,056:utils.stats:INFO:-----------------------------------------
2024-03-21 11:58:24,056:utils.stats:INFO:-----------------------------------------
2024-03-21 11:58:24,056:utils.stats:INFO:PRINTING STATS FOR GET_DIST
2024-03-21 11:58:24,056:utils.stats:INFO:SNAP AVG: 0.012398993
2024-03-21 11:58:24,056:utils.stats:INFO:SNAP FRQ: 2
2024-03-21 11:58:24,056:utils.stats:INFO:CML AVG : 0.07708985423529413
2024-03-21 11:58:24,056:utils.stats:INFO:CML FRQ : 17
2024-03-21 11:58:24,056:utils.stats:INFO:-----------------------------------------
2024-03-21 11:58:26,086:utils.stats:INFO:-----------------------------------------
2024-03-21 11:58:26,086:utils.stats:INFO:PRINTING STATS FOR LST_GEN
2024-03-21 11:58:26,086:utils.stats:INFO:SNAP AVG: 0.003731182
2024-03-21 11:58:26,086:utils.stats:INFO:SNAP FRQ: 26
2024-03-21 11:58:26,086:utils.stats:INFO:CML AVG : 0.002988946323843416
2024-03-21 11:58:26,086:utils.stats:INFO:CML FRQ : 281
2024-03-21 11:58:26,086:utils.stats:INFO:-----------------------------------------
2024-03-21 11:58:26,086:utils.stats:INFO:-----------------------------------------
2024-03-21 11:58:26,086:utils.stats:INFO:PRINTING STATS FOR POST_GEN
2024-03-21 11:58:26,086:utils.stats:INFO:SNAP AVG: 0.006869433857142857
2024-03-21 11:58:26,086:utils.stats:INFO:SNAP FRQ: 7
2024-03-21 11:58:26,086:utils.stats:INFO:CML AVG : 0.006882679958762887
2024-03-21 11:58:26,086:utils.stats:INFO:CML FRQ : 97
2024-03-21 11:58:26,086:utils.stats:INFO:-----------------------------------------
2024-03-21 11:58:26,086:utils.stats:INFO:-----------------------------------------
2024-03-21 11:58:26,086:utils.stats:INFO:PRINTING STATS FOR LXSW_GEN
2024-03-21 11:58:26,086:utils.stats:INFO:SNAP AVG: 0.020765065428571428
2024-03-21 11:58:26,086:utils.stats:INFO:SNAP FRQ: 7
2024-03-21 11:58:26,087:utils.stats:INFO:CML AVG : 0.015570008360824741
2024-03-21 11:58:26,087:utils.stats:INFO:CML FRQ : 97
2024-03-21 11:58:26,087:utils.stats:INFO:-----------------------------------------
2024-03-21 11:58:26,087:utils.stats:INFO:-----------------------------------------
2024-03-21 11:58:26,087:utils.stats:INFO:PRINTING STATS FOR GET_DIST
2024-03-21 11:58:26,087:utils.stats:INFO:SNAP AVG: 0.012359844
2024-03-21 11:58:26,087:utils.stats:INFO:SNAP FRQ: 1
2024-03-21 11:58:26,087:utils.stats:INFO:CML AVG : 0.07349374255555556
2024-03-21 11:58:26,087:utils.stats:INFO:CML FRQ : 18
2024-03-21 11:58:26,087:utils.stats:INFO:-----------------------------------------
2024-03-21 11:58:28,105:utils.stats:INFO:-----------------------------------------
2024-03-21 11:58:28,105:utils.stats:INFO:PRINTING STATS FOR LST_GEN
2024-03-21 11:58:28,105:utils.stats:INFO:SNAP AVG: 0.0032877253793103444
2024-03-21 11:58:28,106:utils.stats:INFO:SNAP FRQ: 29
2024-03-21 11:58:28,106:utils.stats:INFO:CML AVG : 0.003016896622580645
2024-03-21 11:58:28,106:utils.stats:INFO:CML FRQ : 310
2024-03-21 11:58:28,106:utils.stats:INFO:-----------------------------------------
2024-03-21 11:58:28,106:utils.stats:INFO:-----------------------------------------
2024-03-21 11:58:28,106:utils.stats:INFO:PRINTING STATS FOR POST_GEN
2024-03-21 11:58:28,106:utils.stats:INFO:SNAP AVG: 0.006893085571428572
2024-03-21 11:58:28,106:utils.stats:INFO:SNAP FRQ: 7
2024-03-21 11:58:28,106:utils.stats:INFO:CML AVG : 0.006883380336538462
2024-03-21 11:58:28,106:utils.stats:INFO:CML FRQ : 104
2024-03-21 11:58:28,106:utils.stats:INFO:-----------------------------------------
2024-03-21 11:58:28,106:utils.stats:INFO:-----------------------------------------
2024-03-21 11:58:28,106:utils.stats:INFO:PRINTING STATS FOR LXSW_GEN
2024-03-21 11:58:28,106:utils.stats:INFO:SNAP AVG: 0.020547173000000002
2024-03-21 11:58:28,106:utils.stats:INFO:SNAP FRQ: 7
2024-03-21 11:58:28,106:utils.stats:INFO:CML AVG : 0.015905009826923076
2024-03-21 11:58:28,106:utils.stats:INFO:CML FRQ : 104
2024-03-21 11:58:28,106:utils.stats:INFO:-----------------------------------------
2024-03-21 11:58:28,106:utils.stats:INFO:-----------------------------------------
2024-03-21 11:58:28,106:utils.stats:INFO:PRINTING STATS FOR GET_DIST
2024-03-21 11:58:28,106:utils.stats:INFO:SNAP AVG: 0.012660753
2024-03-21 11:58:28,106:utils.stats:INFO:SNAP FRQ: 1
2024-03-21 11:58:28,106:utils.stats:INFO:CML AVG : 0.0702920062631579
2024-03-21 11:58:28,106:utils.stats:INFO:CML FRQ : 19
2024-03-21 11:58:28,106:utils.stats:INFO:-----------------------------------------
2024-03-21 11:58:30,416:utils.stats:INFO:-----------------------------------------
2024-03-21 11:58:30,416:utils.stats:INFO:PRINTING STATS FOR LST_GEN
2024-03-21 11:58:30,416:utils.stats:INFO:SNAP AVG: 0.0025758545333333335
2024-03-21 11:58:30,416:utils.stats:INFO:SNAP FRQ: 15
2024-03-21 11:58:30,416:utils.stats:INFO:CML AVG : 0.002996540833846154
2024-03-21 11:58:30,416:utils.stats:INFO:CML FRQ : 325
2024-03-21 11:58:30,416:utils.stats:INFO:-----------------------------------------
2024-03-21 11:58:30,417:utils.stats:INFO:-----------------------------------------
2024-03-21 11:58:30,417:utils.stats:INFO:PRINTING STATS FOR POST_GEN
2024-03-21 11:58:30,417:utils.stats:INFO:SNAP AVG: 0.006752069000000001
2024-03-21 11:58:30,417:utils.stats:INFO:SNAP FRQ: 7
2024-03-21 11:58:30,417:utils.stats:INFO:CML AVG : 0.006875099441441441
2024-03-21 11:58:30,417:utils.stats:INFO:CML FRQ : 111
2024-03-21 11:58:30,417:utils.stats:INFO:-----------------------------------------
2024-03-21 11:58:30,417:utils.stats:INFO:-----------------------------------------
2024-03-21 11:58:30,417:utils.stats:INFO:PRINTING STATS FOR LXSW_GEN
2024-03-21 11:58:30,417:utils.stats:INFO:SNAP AVG: 0.012298938428571427
2024-03-21 11:58:30,417:utils.stats:INFO:SNAP FRQ: 7
2024-03-21 11:58:30,417:utils.stats:INFO:CML AVG : 0.01567759991891892
2024-03-21 11:58:30,417:utils.stats:INFO:CML FRQ : 111
2024-03-21 11:58:30,417:utils.stats:INFO:-----------------------------------------
2024-03-21 11:58:30,417:utils.stats:INFO:-----------------------------------------
2024-03-21 11:58:30,417:utils.stats:INFO:PRINTING STATS FOR GET_DIST
2024-03-21 11:58:30,417:utils.stats:INFO:SNAP AVG: 0.012612812
2024-03-21 11:58:30,417:utils.stats:INFO:SNAP FRQ: 1
2024-03-21 11:58:30,417:utils.stats:INFO:CML AVG : 0.06740804655
2024-03-21 11:58:30,417:utils.stats:INFO:CML FRQ : 20
2024-03-21 11:58:30,417:utils.stats:INFO:-----------------------------------------
2024-03-21 11:58:32,676:utils.stats:INFO:-----------------------------------------
2024-03-21 11:58:32,676:utils.stats:INFO:PRINTING STATS FOR LST_GEN
2024-03-21 11:58:32,676:utils.stats:INFO:SNAP AVG: 0.00412902206451613
2024-03-21 11:58:32,676:utils.stats:INFO:SNAP FRQ: 31
2024-03-21 11:58:32,676:utils.stats:INFO:CML AVG : 0.0030951557724719103
2024-03-21 11:58:32,676:utils.stats:INFO:CML FRQ : 356
2024-03-21 11:58:32,676:utils.stats:INFO:-----------------------------------------
2024-03-21 11:58:32,676:utils.stats:INFO:-----------------------------------------
2024-03-21 11:58:32,676:utils.stats:INFO:PRINTING STATS FOR POST_GEN
2024-03-21 11:58:32,676:utils.stats:INFO:SNAP AVG: 0.006818794999999999
2024-03-21 11:58:32,676:utils.stats:INFO:SNAP FRQ: 9
2024-03-21 11:58:32,676:utils.stats:INFO:CML AVG : 0.006870876608333334
2024-03-21 11:58:32,676:utils.stats:INFO:CML FRQ : 120
2024-03-21 11:58:32,676:utils.stats:INFO:-----------------------------------------
2024-03-21 11:58:32,676:utils.stats:INFO:-----------------------------------------
2024-03-21 11:58:32,676:utils.stats:INFO:PRINTING STATS FOR LXSW_GEN
2024-03-21 11:58:32,676:utils.stats:INFO:SNAP AVG: 0.021070572666666666
2024-03-21 11:58:32,676:utils.stats:INFO:SNAP FRQ: 9
2024-03-21 11:58:32,676:utils.stats:INFO:CML AVG : 0.016082072875000002
2024-03-21 11:58:32,676:utils.stats:INFO:CML FRQ : 120
2024-03-21 11:58:32,676:utils.stats:INFO:-----------------------------------------
2024-03-21 11:58:32,676:utils.stats:INFO:-----------------------------------------
2024-03-21 11:58:32,677:utils.stats:INFO:PRINTING STATS FOR GET_DIST
2024-03-21 11:58:32,677:utils.stats:INFO:SNAP AVG: 0.0130315185
2024-03-21 11:58:32,677:utils.stats:INFO:SNAP FRQ: 2
2024-03-21 11:58:32,677:utils.stats:INFO:CML AVG : 0.06246472581818181
2024-03-21 11:58:32,677:utils.stats:INFO:CML FRQ : 22
2024-03-21 11:58:32,677:utils.stats:INFO:-----------------------------------------
2024-03-21 11:58:34,725:utils.stats:INFO:-----------------------------------------
2024-03-21 11:58:34,725:utils.stats:INFO:PRINTING STATS FOR LST_GEN
2024-03-21 11:58:34,725:utils.stats:INFO:SNAP AVG: 0.003043593764705882
2024-03-21 11:58:34,725:utils.stats:INFO:SNAP FRQ: 34
2024-03-21 11:58:34,725:utils.stats:INFO:CML AVG : 0.0030906606230769232
2024-03-21 11:58:34,725:utils.stats:INFO:CML FRQ : 390
2024-03-21 11:58:34,725:utils.stats:INFO:-----------------------------------------
2024-03-21 11:58:34,725:utils.stats:INFO:-----------------------------------------
2024-03-21 11:58:34,725:utils.stats:INFO:PRINTING STATS FOR POST_GEN
2024-03-21 11:58:34,725:utils.stats:INFO:SNAP AVG: 0.007013388285714285
2024-03-21 11:58:34,725:utils.stats:INFO:SNAP FRQ: 7
2024-03-21 11:58:34,725:utils.stats:INFO:CML AVG : 0.006878731582677165
2024-03-21 11:58:34,725:utils.stats:INFO:CML FRQ : 127
2024-03-21 11:58:34,725:utils.stats:INFO:-----------------------------------------
2024-03-21 11:58:34,725:utils.stats:INFO:-----------------------------------------
2024-03-21 11:58:34,725:utils.stats:INFO:PRINTING STATS FOR LXSW_GEN
2024-03-21 11:58:34,725:utils.stats:INFO:SNAP AVG: 0.021831965571428573
2024-03-21 11:58:34,725:utils.stats:INFO:SNAP FRQ: 7
2024-03-21 11:58:34,725:utils.stats:INFO:CML AVG : 0.01639899609448819
2024-03-21 11:58:34,725:utils.stats:INFO:CML FRQ : 127
2024-03-21 11:58:34,725:utils.stats:INFO:-----------------------------------------
2024-03-21 11:58:34,725:utils.stats:INFO:-----------------------------------------
2024-03-21 11:58:34,725:utils.stats:INFO:PRINTING STATS FOR GET_DIST
2024-03-21 11:58:34,725:utils.stats:INFO:SNAP AVG: 0.012346628
2024-03-21 11:58:34,725:utils.stats:INFO:SNAP FRQ: 1
2024-03-21 11:58:34,725:utils.stats:INFO:CML AVG : 0.060285678086956514
2024-03-21 11:58:34,725:utils.stats:INFO:CML FRQ : 23
2024-03-21 11:58:34,725:utils.stats:INFO:-----------------------------------------
2024-03-21 11:58:36,929:utils.stats:INFO:-----------------------------------------
2024-03-21 11:58:36,929:utils.stats:INFO:PRINTING STATS FOR LST_GEN
2024-03-21 11:58:36,929:utils.stats:INFO:SNAP AVG: 0.0025878968181818184
2024-03-21 11:58:36,929:utils.stats:INFO:SNAP FRQ: 11
2024-03-21 11:58:36,929:utils.stats:INFO:CML AVG : 0.0030768690972568583
2024-03-21 11:58:36,929:utils.stats:INFO:CML FRQ : 401
2024-03-21 11:58:36,929:utils.stats:INFO:-----------------------------------------
2024-03-21 11:58:36,929:utils.stats:INFO:-----------------------------------------
2024-03-21 11:58:36,929:utils.stats:INFO:PRINTING STATS FOR POST_GEN
2024-03-21 11:58:36,929:utils.stats:INFO:SNAP AVG: 0.006599038666666665
2024-03-21 11:58:36,929:utils.stats:INFO:SNAP FRQ: 6
2024-03-21 11:58:36,929:utils.stats:INFO:CML AVG : 0.006866113857142857
2024-03-21 11:58:36,929:utils.stats:INFO:CML FRQ : 133
2024-03-21 11:58:36,929:utils.stats:INFO:-----------------------------------------
2024-03-21 11:58:36,929:utils.stats:INFO:-----------------------------------------
2024-03-21 11:58:36,929:utils.stats:INFO:PRINTING STATS FOR LXSW_GEN
2024-03-21 11:58:36,929:utils.stats:INFO:SNAP AVG: 0.011368402666666666
2024-03-21 11:58:36,929:utils.stats:INFO:SNAP FRQ: 6
2024-03-21 11:58:36,929:utils.stats:INFO:CML AVG : 0.016172052030075188
2024-03-21 11:58:36,929:utils.stats:INFO:CML FRQ : 133
2024-03-21 11:58:36,929:utils.stats:INFO:-----------------------------------------
2024-03-21 11:58:36,929:utils.stats:INFO:-----------------------------------------
2024-03-21 11:58:36,929:utils.stats:INFO:PRINTING STATS FOR GET_DIST
2024-03-21 11:58:36,930:utils.stats:INFO:SNAP AVG: 0.010164071
2024-03-21 11:58:36,930:utils.stats:INFO:SNAP FRQ: 1
2024-03-21 11:58:36,930:utils.stats:INFO:CML AVG : 0.058197277791666675
2024-03-21 11:58:36,930:utils.stats:INFO:CML FRQ : 24
2024-03-21 11:58:36,930:utils.stats:INFO:-----------------------------------------
2024-03-21 11:58:39,162:utils.stats:INFO:-----------------------------------------
2024-03-21 11:58:39,162:utils.stats:INFO:PRINTING STATS FOR LST_GEN
2024-03-21 11:58:39,162:utils.stats:INFO:SNAP AVG: 0.005416650594594594
2024-03-21 11:58:39,162:utils.stats:INFO:SNAP FRQ: 37
2024-03-21 11:58:39,162:utils.stats:INFO:CML AVG : 0.0032745218721461186
2024-03-21 11:58:39,162:utils.stats:INFO:CML FRQ : 438
2024-03-21 11:58:39,162:utils.stats:INFO:-----------------------------------------
2024-03-21 11:58:39,162:utils.stats:INFO:-----------------------------------------
2024-03-21 11:58:39,162:utils.stats:INFO:PRINTING STATS FOR POST_GEN
2024-03-21 11:58:39,162:utils.stats:INFO:SNAP AVG: 0.0068369187500000005
2024-03-21 11:58:39,162:utils.stats:INFO:SNAP FRQ: 8
2024-03-21 11:58:39,163:utils.stats:INFO:CML AVG : 0.006864457397163122
2024-03-21 11:58:39,163:utils.stats:INFO:CML FRQ : 141
2024-03-21 11:58:39,163:utils.stats:INFO:-----------------------------------------
2024-03-21 11:58:39,163:utils.stats:INFO:-----------------------------------------
2024-03-21 11:58:39,163:utils.stats:INFO:PRINTING STATS FOR LXSW_GEN
2024-03-21 11:58:39,163:utils.stats:INFO:SNAP AVG: 0.031923644375
2024-03-21 11:58:39,163:utils.stats:INFO:SNAP FRQ: 8
2024-03-21 11:58:39,163:utils.stats:INFO:CML AVG : 0.017065759397163125
2024-03-21 11:58:39,163:utils.stats:INFO:CML FRQ : 141
2024-03-21 11:58:39,163:utils.stats:INFO:-----------------------------------------
2024-03-21 11:58:39,163:utils.stats:INFO:-----------------------------------------
2024-03-21 11:58:39,163:utils.stats:INFO:PRINTING STATS FOR GET_DIST
2024-03-21 11:58:39,163:utils.stats:INFO:SNAP AVG: 0.0097854405
2024-03-21 11:58:39,163:utils.stats:INFO:SNAP FRQ: 2
2024-03-21 11:58:39,163:utils.stats:INFO:CML AVG : 0.05447329030769232
2024-03-21 11:58:39,163:utils.stats:INFO:CML FRQ : 26
2024-03-21 11:58:39,163:utils.stats:INFO:-----------------------------------------
2024-03-21 11:58:41,597:utils.stats:INFO:-----------------------------------------
2024-03-21 11:58:41,597:utils.stats:INFO:PRINTING STATS FOR LST_GEN
2024-03-21 11:58:41,597:utils.stats:INFO:SNAP AVG: 0.0035851591764705882
2024-03-21 11:58:41,597:utils.stats:INFO:SNAP FRQ: 17
2024-03-21 11:58:41,597:utils.stats:INFO:CML AVG : 0.003286128101098901
2024-03-21 11:58:41,597:utils.stats:INFO:CML FRQ : 455
2024-03-21 11:58:41,597:utils.stats:INFO:-----------------------------------------
2024-03-21 11:58:41,597:utils.stats:INFO:-----------------------------------------
2024-03-21 11:58:41,597:utils.stats:INFO:PRINTING STATS FOR POST_GEN
2024-03-21 11:58:41,597:utils.stats:INFO:SNAP AVG: 0.006984772571428572
2024-03-21 11:58:41,597:utils.stats:INFO:SNAP FRQ: 7
2024-03-21 11:58:41,597:utils.stats:INFO:CML AVG : 0.0068701479797297306
2024-03-21 11:58:41,597:utils.stats:INFO:CML FRQ : 148
2024-03-21 11:58:41,597:utils.stats:INFO:-----------------------------------------
2024-03-21 11:58:41,597:utils.stats:INFO:-----------------------------------------
2024-03-21 11:58:41,597:utils.stats:INFO:PRINTING STATS FOR LXSW_GEN
2024-03-21 11:58:41,598:utils.stats:INFO:SNAP AVG: 0.015719300857142855
2024-03-21 11:58:41,598:utils.stats:INFO:SNAP FRQ: 7
2024-03-21 11:58:41,598:utils.stats:INFO:CML AVG : 0.0170020755472973
2024-03-21 11:58:41,598:utils.stats:INFO:CML FRQ : 148
2024-03-21 11:58:41,598:utils.stats:INFO:-----------------------------------------
2024-03-21 11:58:41,598:utils.stats:INFO:-----------------------------------------
2024-03-21 11:58:41,598:utils.stats:INFO:PRINTING STATS FOR GET_DIST
2024-03-21 11:58:41,598:utils.stats:INFO:SNAP AVG: 0.012367577
2024-03-21 11:58:41,598:utils.stats:INFO:SNAP FRQ: 1
2024-03-21 11:58:41,598:utils.stats:INFO:CML AVG : 0.052913819444444454
2024-03-21 11:58:41,598:utils.stats:INFO:CML FRQ : 27
2024-03-21 11:58:41,598:utils.stats:INFO:-----------------------------------------
2024-03-21 11:58:43,900:utils.stats:INFO:-----------------------------------------
2024-03-21 11:58:43,900:utils.stats:INFO:PRINTING STATS FOR LST_GEN
2024-03-21 11:58:43,900:utils.stats:INFO:SNAP AVG: 0.004343007142857143
2024-03-21 11:58:43,900:utils.stats:INFO:SNAP FRQ: 35
2024-03-21 11:58:43,901:utils.stats:INFO:CML AVG : 0.0033616194612244897
2024-03-21 11:58:43,901:utils.stats:INFO:CML FRQ : 490
2024-03-21 11:58:43,901:utils.stats:INFO:-----------------------------------------
2024-03-21 11:58:43,901:utils.stats:INFO:-----------------------------------------
2024-03-21 11:58:43,901:utils.stats:INFO:PRINTING STATS FOR POST_GEN
2024-03-21 11:58:43,901:utils.stats:INFO:SNAP AVG: 0.0070465647499999996
2024-03-21 11:58:43,901:utils.stats:INFO:SNAP FRQ: 8
2024-03-21 11:58:43,901:utils.stats:INFO:CML AVG : 0.006879194993589742
2024-03-21 11:58:43,901:utils.stats:INFO:CML FRQ : 156
2024-03-21 11:58:43,901:utils.stats:INFO:-----------------------------------------
2024-03-21 11:58:43,901:utils.stats:INFO:-----------------------------------------
2024-03-21 11:58:43,901:utils.stats:INFO:PRINTING STATS FOR LXSW_GEN
2024-03-21 11:58:43,901:utils.stats:INFO:SNAP AVG: 0.026080871999999998
2024-03-21 11:58:43,901:utils.stats:INFO:SNAP FRQ: 8
2024-03-21 11:58:43,901:utils.stats:INFO:CML AVG : 0.017467654852564102
2024-03-21 11:58:43,901:utils.stats:INFO:CML FRQ : 156
2024-03-21 11:58:43,901:utils.stats:INFO:-----------------------------------------
2024-03-21 11:58:43,901:utils.stats:INFO:-----------------------------------------
2024-03-21 11:58:43,901:utils.stats:INFO:PRINTING STATS FOR GET_DIST
2024-03-21 11:58:43,901:utils.stats:INFO:SNAP AVG: 0.0098427525
2024-03-21 11:58:43,901:utils.stats:INFO:SNAP FRQ: 2
2024-03-21 11:58:43,901:utils.stats:INFO:CML AVG : 0.04994340103448276
2024-03-21 11:58:43,901:utils.stats:INFO:CML FRQ : 29
2024-03-21 11:58:43,901:utils.stats:INFO:-----------------------------------------
2024-03-21 11:58:46,319:utils.stats:INFO:-----------------------------------------
2024-03-21 11:58:46,319:utils.stats:INFO:PRINTING STATS FOR LST_GEN
2024-03-21 11:58:46,319:utils.stats:INFO:SNAP AVG: 0.003008480055555556
2024-03-21 11:58:46,319:utils.stats:INFO:SNAP FRQ: 18
2024-03-21 11:58:46,319:utils.stats:INFO:CML AVG : 0.0033491066476377955
2024-03-21 11:58:46,319:utils.stats:INFO:CML FRQ : 508
2024-03-21 11:58:46,319:utils.stats:INFO:-----------------------------------------
2024-03-21 11:58:46,319:utils.stats:INFO:-----------------------------------------
2024-03-21 11:58:46,319:utils.stats:INFO:PRINTING STATS FOR POST_GEN
2024-03-21 11:58:46,319:utils.stats:INFO:SNAP AVG: 0.006964460714285714
2024-03-21 11:58:46,319:utils.stats:INFO:SNAP FRQ: 7
2024-03-21 11:58:46,319:utils.stats:INFO:CML AVG : 0.006882856711656441
2024-03-21 11:58:46,319:utils.stats:INFO:CML FRQ : 163
2024-03-21 11:58:46,319:utils.stats:INFO:-----------------------------------------
2024-03-21 11:58:46,319:utils.stats:INFO:-----------------------------------------
2024-03-21 11:58:46,319:utils.stats:INFO:PRINTING STATS FOR LXSW_GEN
2024-03-21 11:58:46,319:utils.stats:INFO:SNAP AVG: 0.014729733142857143
2024-03-21 11:58:46,319:utils.stats:INFO:SNAP FRQ: 7
2024-03-21 11:58:46,319:utils.stats:INFO:CML AVG : 0.017350075392638033
2024-03-21 11:58:46,320:utils.stats:INFO:CML FRQ : 163
2024-03-21 11:58:46,320:utils.stats:INFO:-----------------------------------------
2024-03-21 11:58:46,320:utils.stats:INFO:-----------------------------------------
2024-03-21 11:58:46,320:utils.stats:INFO:PRINTING STATS FOR GET_DIST
2024-03-21 11:58:46,320:utils.stats:INFO:SNAP AVG: 0.012317161
2024-03-21 11:58:46,320:utils.stats:INFO:SNAP FRQ: 1
2024-03-21 11:58:46,320:utils.stats:INFO:CML AVG : 0.048689193033333335
2024-03-21 11:58:46,320:utils.stats:INFO:CML FRQ : 30
2024-03-21 11:58:46,320:utils.stats:INFO:-----------------------------------------
2024-03-21 11:58:48,351:utils.stats:INFO:-----------------------------------------
2024-03-21 11:58:48,351:utils.stats:INFO:PRINTING STATS FOR LST_GEN
2024-03-21 11:58:48,351:utils.stats:INFO:SNAP AVG: 0.003979739800000001
2024-03-21 11:58:48,351:utils.stats:INFO:SNAP FRQ: 30
2024-03-21 11:58:48,351:utils.stats:INFO:CML AVG : 0.0033842720650557622
2024-03-21 11:58:48,351:utils.stats:INFO:CML FRQ : 538
2024-03-21 11:58:48,351:utils.stats:INFO:-----------------------------------------
2024-03-21 11:58:48,351:utils.stats:INFO:-----------------------------------------
2024-03-21 11:58:48,351:utils.stats:INFO:PRINTING STATS FOR POST_GEN
2024-03-21 11:58:48,351:utils.stats:INFO:SNAP AVG: 0.007145159428571428
2024-03-21 11:58:48,351:utils.stats:INFO:SNAP FRQ: 7
2024-03-21 11:58:48,351:utils.stats:INFO:CML AVG : 0.006893657411764706
2024-03-21 11:58:48,351:utils.stats:INFO:CML FRQ : 170
2024-03-21 11:58:48,351:utils.stats:INFO:-----------------------------------------
2024-03-21 11:58:48,351:utils.stats:INFO:-----------------------------------------
2024-03-21 11:58:48,352:utils.stats:INFO:PRINTING STATS FOR LXSW_GEN
2024-03-21 11:58:48,352:utils.stats:INFO:SNAP AVG: 0.02423491342857143
2024-03-21 11:58:48,352:utils.stats:INFO:SNAP FRQ: 7
2024-03-21 11:58:48,352:utils.stats:INFO:CML AVG : 0.01763356872352941
2024-03-21 11:58:48,352:utils.stats:INFO:CML FRQ : 170
2024-03-21 11:58:48,352:utils.stats:INFO:-----------------------------------------
2024-03-21 11:58:48,352:utils.stats:INFO:-----------------------------------------
2024-03-21 11:58:48,352:utils.stats:INFO:PRINTING STATS FOR GET_DIST
2024-03-21 11:58:48,352:utils.stats:INFO:SNAP AVG: 0.012440278499999999
2024-03-21 11:58:48,352:utils.stats:INFO:SNAP FRQ: 2
2024-03-21 11:58:48,352:utils.stats:INFO:CML AVG : 0.04642363587500001
2024-03-21 11:58:48,352:utils.stats:INFO:CML FRQ : 32
2024-03-21 11:58:48,352:utils.stats:INFO:-----------------------------------------
2024-03-21 11:58:50,501:utils.stats:INFO:-----------------------------------------
2024-03-21 11:58:50,501:utils.stats:INFO:PRINTING STATS FOR LST_GEN
2024-03-21 11:58:50,501:utils.stats:INFO:SNAP AVG: 0.004749689512820511
2024-03-21 11:58:50,501:utils.stats:INFO:SNAP FRQ: 39
2024-03-21 11:58:50,501:utils.stats:INFO:CML AVG : 0.0034765619792027727
2024-03-21 11:58:50,501:utils.stats:INFO:CML FRQ : 577
2024-03-21 11:58:50,501:utils.stats:INFO:-----------------------------------------
2024-03-21 11:58:50,501:utils.stats:INFO:-----------------------------------------
2024-03-21 11:58:50,501:utils.stats:INFO:PRINTING STATS FOR POST_GEN
2024-03-21 11:58:50,501:utils.stats:INFO:SNAP AVG: 0.007221243
2024-03-21 11:58:50,501:utils.stats:INFO:SNAP FRQ: 6
2024-03-21 11:58:50,501:utils.stats:INFO:CML AVG : 0.006904825102272727
2024-03-21 11:58:50,501:utils.stats:INFO:CML FRQ : 176
2024-03-21 11:58:50,501:utils.stats:INFO:-----------------------------------------
2024-03-21 11:58:50,501:utils.stats:INFO:-----------------------------------------
2024-03-21 11:58:50,501:utils.stats:INFO:PRINTING STATS FOR LXSW_GEN
2024-03-21 11:58:50,501:utils.stats:INFO:SNAP AVG: 0.03813951833333334
2024-03-21 11:58:50,501:utils.stats:INFO:SNAP FRQ: 6
2024-03-21 11:58:50,501:utils.stats:INFO:CML AVG : 0.018332635187499998
2024-03-21 11:58:50,501:utils.stats:INFO:CML FRQ : 176
2024-03-21 11:58:50,501:utils.stats:INFO:-----------------------------------------
2024-03-21 11:58:50,501:utils.stats:INFO:-----------------------------------------
2024-03-21 11:58:50,501:utils.stats:INFO:PRINTING STATS FOR GET_DIST
2024-03-21 11:58:50,501:utils.stats:INFO:SNAP AVG: 0.012625604
2024-03-21 11:58:50,501:utils.stats:INFO:SNAP FRQ: 1
2024-03-21 11:58:50,501:utils.stats:INFO:CML AVG : 0.04539945309090909
2024-03-21 11:58:50,501:utils.stats:INFO:CML FRQ : 33
2024-03-21 11:58:50,501:utils.stats:INFO:-----------------------------------------
2024-03-21 11:58:53,102:utils.stats:INFO:-----------------------------------------
2024-03-21 11:58:53,102:utils.stats:INFO:PRINTING STATS FOR LST_GEN
2024-03-21 11:58:53,102:utils.stats:INFO:SNAP AVG: 0.0034474283703703704
2024-03-21 11:58:53,102:utils.stats:INFO:SNAP FRQ: 27
2024-03-21 11:58:53,102:utils.stats:INFO:CML AVG : 0.003475259649006623
2024-03-21 11:58:53,102:utils.stats:INFO:CML FRQ : 604
2024-03-21 11:58:53,102:utils.stats:INFO:-----------------------------------------
2024-03-21 11:58:53,102:utils.stats:INFO:-----------------------------------------
2024-03-21 11:58:53,102:utils.stats:INFO:PRINTING STATS FOR POST_GEN
2024-03-21 11:58:53,102:utils.stats:INFO:SNAP AVG: 0.006735743714285714
2024-03-21 11:58:53,102:utils.stats:INFO:SNAP FRQ: 7
2024-03-21 11:58:53,102:utils.stats:INFO:CML AVG : 0.0068983575081967225
2024-03-21 11:58:53,102:utils.stats:INFO:CML FRQ : 183
2024-03-21 11:58:53,102:utils.stats:INFO:-----------------------------------------
2024-03-21 11:58:53,102:utils.stats:INFO:-----------------------------------------
2024-03-21 11:58:53,102:utils.stats:INFO:PRINTING STATS FOR LXSW_GEN
2024-03-21 11:58:53,102:utils.stats:INFO:SNAP AVG: 0.020066335857142858
2024-03-21 11:58:53,102:utils.stats:INFO:SNAP FRQ: 7
2024-03-21 11:58:53,102:utils.stats:INFO:CML AVG : 0.018398951606557374
2024-03-21 11:58:53,102:utils.stats:INFO:CML FRQ : 183
2024-03-21 11:58:53,102:utils.stats:INFO:-----------------------------------------
2024-03-21 11:58:53,102:utils.stats:INFO:-----------------------------------------
2024-03-21 11:58:53,102:utils.stats:INFO:PRINTING STATS FOR GET_DIST
2024-03-21 11:58:53,102:utils.stats:INFO:SNAP AVG: 0.01271907
2024-03-21 11:58:53,102:utils.stats:INFO:SNAP FRQ: 1
2024-03-21 11:58:53,103:utils.stats:INFO:CML AVG : 0.04443826535294118
2024-03-21 11:58:53,103:utils.stats:INFO:CML FRQ : 34
2024-03-21 11:58:53,103:utils.stats:INFO:-----------------------------------------
2024-03-21 11:58:55,336:utils.stats:INFO:-----------------------------------------
2024-03-21 11:58:55,336:utils.stats:INFO:PRINTING STATS FOR LST_GEN
2024-03-21 11:58:55,336:utils.stats:INFO:SNAP AVG: 0.004740740297297296
2024-03-21 11:58:55,336:utils.stats:INFO:SNAP FRQ: 37
2024-03-21 11:58:55,336:utils.stats:INFO:CML AVG : 0.003548306113884555
2024-03-21 11:58:55,336:utils.stats:INFO:CML FRQ : 641
2024-03-21 11:58:55,337:utils.stats:INFO:-----------------------------------------
2024-03-21 11:58:55,337:utils.stats:INFO:-----------------------------------------
2024-03-21 11:58:55,337:utils.stats:INFO:PRINTING STATS FOR POST_GEN
2024-03-21 11:58:55,337:utils.stats:INFO:SNAP AVG: 0.007143032142857143
2024-03-21 11:58:55,337:utils.stats:INFO:SNAP FRQ: 7
2024-03-21 11:58:55,337:utils.stats:INFO:CML AVG : 0.006907371836842107
2024-03-21 11:58:55,337:utils.stats:INFO:CML FRQ : 190
2024-03-21 11:58:55,337:utils.stats:INFO:-----------------------------------------
2024-03-21 11:58:55,337:utils.stats:INFO:-----------------------------------------
2024-03-21 11:58:55,337:utils.stats:INFO:PRINTING STATS FOR LXSW_GEN
2024-03-21 11:58:55,337:utils.stats:INFO:SNAP AVG: 0.03223953485714286
2024-03-21 11:58:55,337:utils.stats:INFO:SNAP FRQ: 7
2024-03-21 11:58:55,337:utils.stats:INFO:CML AVG : 0.018908867831578947
2024-03-21 11:58:55,337:utils.stats:INFO:CML FRQ : 190
2024-03-21 11:58:55,337:utils.stats:INFO:-----------------------------------------
2024-03-21 11:58:55,337:utils.stats:INFO:-----------------------------------------
2024-03-21 11:58:55,337:utils.stats:INFO:PRINTING STATS FOR GET_DIST
2024-03-21 11:58:55,337:utils.stats:INFO:SNAP AVG: 0.013838372
2024-03-21 11:58:55,337:utils.stats:INFO:SNAP FRQ: 2
2024-03-21 11:58:55,337:utils.stats:INFO:CML AVG : 0.04273827127777778
2024-03-21 11:58:55,337:utils.stats:INFO:CML FRQ : 36
2024-03-21 11:58:55,337:utils.stats:INFO:-----------------------------------------
2024-03-21 11:58:57,542:utils.stats:INFO:-----------------------------------------
2024-03-21 11:58:57,542:utils.stats:INFO:PRINTING STATS FOR LST_GEN
2024-03-21 11:58:57,542:utils.stats:INFO:SNAP AVG: 0.006008742476190475
2024-03-21 11:58:57,542:utils.stats:INFO:SNAP FRQ: 21
2024-03-21 11:58:57,542:utils.stats:INFO:CML AVG : 0.003626356209969789
2024-03-21 11:58:57,542:utils.stats:INFO:CML FRQ : 662
2024-03-21 11:58:57,542:utils.stats:INFO:-----------------------------------------
2024-03-21 11:58:57,542:utils.stats:INFO:-----------------------------------------
2024-03-21 11:58:57,542:utils.stats:INFO:PRINTING STATS FOR POST_GEN
2024-03-21 11:58:57,542:utils.stats:INFO:SNAP AVG: 0.007725855166666667
2024-03-21 11:58:57,542:utils.stats:INFO:SNAP FRQ: 6
2024-03-21 11:58:57,542:utils.stats:INFO:CML AVG : 0.006932427448979592
2024-03-21 11:58:57,542:utils.stats:INFO:CML FRQ : 196
2024-03-21 11:58:57,542:utils.stats:INFO:-----------------------------------------
2024-03-21 11:58:57,542:utils.stats:INFO:-----------------------------------------
2024-03-21 11:58:57,542:utils.stats:INFO:PRINTING STATS FOR LXSW_GEN
2024-03-21 11:58:57,542:utils.stats:INFO:SNAP AVG: 0.028809708333333336
2024-03-21 11:58:57,542:utils.stats:INFO:SNAP FRQ: 6
2024-03-21 11:58:57,542:utils.stats:INFO:CML AVG : 0.019211954785714285
2024-03-21 11:58:57,542:utils.stats:INFO:CML FRQ : 196
2024-03-21 11:58:57,542:utils.stats:INFO:-----------------------------------------
2024-03-21 11:58:57,542:utils.stats:INFO:-----------------------------------------
2024-03-21 11:58:57,542:utils.stats:INFO:PRINTING STATS FOR GET_DIST
2024-03-21 11:58:57,542:utils.stats:INFO:SNAP AVG: 0.013058812
2024-03-21 11:58:57,542:utils.stats:INFO:SNAP FRQ: 1
2024-03-21 11:58:57,542:utils.stats:INFO:CML AVG : 0.041936123729729734
2024-03-21 11:58:57,542:utils.stats:INFO:CML FRQ : 37
2024-03-21 11:58:57,542:utils.stats:INFO:-----------------------------------------
2024-03-21 11:59:00,101:utils.stats:INFO:-----------------------------------------
2024-03-21 11:59:00,101:utils.stats:INFO:PRINTING STATS FOR LST_GEN
2024-03-21 11:59:00,101:utils.stats:INFO:SNAP AVG: 0.0034001977000000004
2024-03-21 11:59:00,101:utils.stats:INFO:SNAP FRQ: 20
2024-03-21 11:59:00,101:utils.stats:INFO:CML AVG : 0.003619723995601173
2024-03-21 11:59:00,101:utils.stats:INFO:CML FRQ : 682
2024-03-21 11:59:00,101:utils.stats:INFO:-----------------------------------------
2024-03-21 11:59:00,101:utils.stats:INFO:-----------------------------------------
2024-03-21 11:59:00,101:utils.stats:INFO:PRINTING STATS FOR POST_GEN
2024-03-21 11:59:00,101:utils.stats:INFO:SNAP AVG: 0.0068399658571428575
2024-03-21 11:59:00,101:utils.stats:INFO:SNAP FRQ: 7
2024-03-21 11:59:00,101:utils.stats:INFO:CML AVG : 0.006929239118226601
2024-03-21 11:59:00,101:utils.stats:INFO:CML FRQ : 203
2024-03-21 11:59:00,101:utils.stats:INFO:-----------------------------------------
2024-03-21 11:59:00,101:utils.stats:INFO:-----------------------------------------
2024-03-21 11:59:00,101:utils.stats:INFO:PRINTING STATS FOR LXSW_GEN
2024-03-21 11:59:00,101:utils.stats:INFO:SNAP AVG: 0.016586943285714285
2024-03-21 11:59:00,101:utils.stats:INFO:SNAP FRQ: 7
2024-03-21 11:59:00,101:utils.stats:INFO:CML AVG : 0.019121437147783256
2024-03-21 11:59:00,101:utils.stats:INFO:CML FRQ : 203
2024-03-21 11:59:00,101:utils.stats:INFO:-----------------------------------------
2024-03-21 11:59:00,101:utils.stats:INFO:-----------------------------------------
2024-03-21 11:59:00,101:utils.stats:INFO:PRINTING STATS FOR GET_DIST
2024-03-21 11:59:00,101:utils.stats:INFO:SNAP AVG: 0.012516757
2024-03-21 11:59:00,101:utils.stats:INFO:SNAP FRQ: 1
2024-03-21 11:59:00,101:utils.stats:INFO:CML AVG : 0.04116192986842106
2024-03-21 11:59:00,101:utils.stats:INFO:CML FRQ : 38
2024-03-21 11:59:00,101:utils.stats:INFO:-----------------------------------------
2024-03-21 11:59:02,205:utils.stats:INFO:-----------------------------------------
2024-03-21 11:59:02,205:utils.stats:INFO:PRINTING STATS FOR LST_GEN
2024-03-21 11:59:02,205:utils.stats:INFO:SNAP AVG: 0.005118279086956522
2024-03-21 11:59:02,206:utils.stats:INFO:SNAP FRQ: 23
2024-03-21 11:59:02,206:utils.stats:INFO:CML AVG : 0.0036686130269503545
2024-03-21 11:59:02,206:utils.stats:INFO:CML FRQ : 705
2024-03-21 11:59:02,206:utils.stats:INFO:-----------------------------------------
2024-03-21 11:59:02,206:utils.stats:INFO:-----------------------------------------
2024-03-21 11:59:02,206:utils.stats:INFO:PRINTING STATS FOR POST_GEN
2024-03-21 11:59:02,206:utils.stats:INFO:SNAP AVG: 0.006997419
2024-03-21 11:59:02,206:utils.stats:INFO:SNAP FRQ: 5
2024-03-21 11:59:02,206:utils.stats:INFO:CML AVG : 0.006930878057692307
2024-03-21 11:59:02,206:utils.stats:INFO:CML FRQ : 208
2024-03-21 11:59:02,206:utils.stats:INFO:-----------------------------------------
2024-03-21 11:59:02,206:utils.stats:INFO:-----------------------------------------
2024-03-21 11:59:02,206:utils.stats:INFO:PRINTING STATS FOR LXSW_GEN
2024-03-21 11:59:02,206:utils.stats:INFO:SNAP AVG: 0.030579227200000003
2024-03-21 11:59:02,206:utils.stats:INFO:SNAP FRQ: 5
2024-03-21 11:59:02,206:utils.stats:INFO:CML AVG : 0.019396864793269228
2024-03-21 11:59:02,206:utils.stats:INFO:CML FRQ : 208
2024-03-21 11:59:02,206:utils.stats:INFO:-----------------------------------------
2024-03-21 11:59:02,206:utils.stats:INFO:-----------------------------------------
2024-03-21 11:59:02,206:utils.stats:INFO:PRINTING STATS FOR GET_DIST
2024-03-21 11:59:02,206:utils.stats:INFO:SNAP AVG: 0.012582932
2024-03-21 11:59:02,206:utils.stats:INFO:SNAP FRQ: 1
2024-03-21 11:59:02,206:utils.stats:INFO:CML AVG : 0.04042913505128205
2024-03-21 11:59:02,206:utils.stats:INFO:CML FRQ : 39
2024-03-21 11:59:02,206:utils.stats:INFO:-----------------------------------------
2024-03-21 11:59:04,329:utils.stats:INFO:-----------------------------------------
2024-03-21 11:59:04,329:utils.stats:INFO:PRINTING STATS FOR LST_GEN
2024-03-21 11:59:04,329:utils.stats:INFO:SNAP AVG: 0.004478373608695652
2024-03-21 11:59:04,329:utils.stats:INFO:SNAP FRQ: 23
2024-03-21 11:59:04,329:utils.stats:INFO:CML AVG : 0.0036941961222527477
2024-03-21 11:59:04,329:utils.stats:INFO:CML FRQ : 728
2024-03-21 11:59:04,329:utils.stats:INFO:-----------------------------------------
2024-03-21 11:59:04,329:utils.stats:INFO:-----------------------------------------
2024-03-21 11:59:04,329:utils.stats:INFO:PRINTING STATS FOR POST_GEN
2024-03-21 11:59:04,329:utils.stats:INFO:SNAP AVG: 0.007082912142857144
2024-03-21 11:59:04,329:utils.stats:INFO:SNAP FRQ: 7
2024-03-21 11:59:04,329:utils.stats:INFO:CML AVG : 0.006935828004651163
2024-03-21 11:59:04,329:utils.stats:INFO:CML FRQ : 215
2024-03-21 11:59:04,329:utils.stats:INFO:-----------------------------------------
2024-03-21 11:59:04,329:utils.stats:INFO:-----------------------------------------
2024-03-21 11:59:04,329:utils.stats:INFO:PRINTING STATS FOR LXSW_GEN
2024-03-21 11:59:04,330:utils.stats:INFO:SNAP AVG: 0.021829241714285717
2024-03-21 11:59:04,330:utils.stats:INFO:SNAP FRQ: 7
2024-03-21 11:59:04,330:utils.stats:INFO:CML AVG : 0.019476058460465115
2024-03-21 11:59:04,330:utils.stats:INFO:CML FRQ : 215
2024-03-21 11:59:04,330:utils.stats:INFO:-----------------------------------------
2024-03-21 11:59:04,330:utils.stats:INFO:-----------------------------------------
2024-03-21 11:59:04,330:utils.stats:INFO:PRINTING STATS FOR GET_DIST
2024-03-21 11:59:04,330:utils.stats:INFO:SNAP AVG: 0.012562788500000002
2024-03-21 11:59:04,330:utils.stats:INFO:SNAP FRQ: 2
2024-03-21 11:59:04,330:utils.stats:INFO:CML AVG : 0.039069801073170735
2024-03-21 11:59:04,330:utils.stats:INFO:CML FRQ : 41
2024-03-21 11:59:04,330:utils.stats:INFO:-----------------------------------------
2024-03-21 11:59:06,419:utils.stats:INFO:-----------------------------------------
2024-03-21 11:59:06,419:utils.stats:INFO:PRINTING STATS FOR LST_GEN
2024-03-21 11:59:06,419:utils.stats:INFO:SNAP AVG: 0.0041047921818181815
2024-03-21 11:59:06,419:utils.stats:INFO:SNAP FRQ: 22
2024-03-21 11:59:06,420:utils.stats:INFO:CML AVG : 0.0037062402733333334
2024-03-21 11:59:06,420:utils.stats:INFO:CML FRQ : 750
2024-03-21 11:59:06,420:utils.stats:INFO:-----------------------------------------
2024-03-21 11:59:06,420:utils.stats:INFO:-----------------------------------------
2024-03-21 11:59:06,420:utils.stats:INFO:PRINTING STATS FOR POST_GEN
2024-03-21 11:59:06,420:utils.stats:INFO:SNAP AVG: 0.006986107333333332
2024-03-21 11:59:06,420:utils.stats:INFO:SNAP FRQ: 6
2024-03-21 11:59:06,420:utils.stats:INFO:CML AVG : 0.006937193054298643
2024-03-21 11:59:06,420:utils.stats:INFO:CML FRQ : 221
2024-03-21 11:59:06,420:utils.stats:INFO:-----------------------------------------
2024-03-21 11:59:06,420:utils.stats:INFO:-----------------------------------------
2024-03-21 11:59:06,420:utils.stats:INFO:PRINTING STATS FOR LXSW_GEN
2024-03-21 11:59:06,420:utils.stats:INFO:SNAP AVG: 0.022072227
2024-03-21 11:59:06,420:utils.stats:INFO:SNAP FRQ: 6
2024-03-21 11:59:06,420:utils.stats:INFO:CML AVG : 0.019546542674208144
2024-03-21 11:59:06,420:utils.stats:INFO:CML FRQ : 221
2024-03-21 11:59:06,420:utils.stats:INFO:-----------------------------------------
2024-03-21 11:59:06,420:utils.stats:INFO:-----------------------------------------
2024-03-21 11:59:06,420:utils.stats:INFO:PRINTING STATS FOR GET_DIST
2024-03-21 11:59:06,420:utils.stats:INFO:SNAP AVG: 0.012562142
2024-03-21 11:59:06,420:utils.stats:INFO:SNAP FRQ: 1
2024-03-21 11:59:06,420:utils.stats:INFO:CML AVG : 0.038438666333333336
2024-03-21 11:59:06,420:utils.stats:INFO:CML FRQ : 42
2024-03-21 11:59:06,420:utils.stats:INFO:-----------------------------------------
2024-03-21 11:59:08,951:utils.stats:INFO:-----------------------------------------
2024-03-21 11:59:08,951:utils.stats:INFO:PRINTING STATS FOR LST_GEN
2024-03-21 11:59:08,951:utils.stats:INFO:SNAP AVG: 0.003428288703703704
2024-03-21 11:59:08,951:utils.stats:INFO:SNAP FRQ: 27
2024-03-21 11:59:08,951:utils.stats:INFO:CML AVG : 0.003696581724581725
2024-03-21 11:59:08,951:utils.stats:INFO:CML FRQ : 777
2024-03-21 11:59:08,951:utils.stats:INFO:-----------------------------------------
2024-03-21 11:59:08,951:utils.stats:INFO:-----------------------------------------
2024-03-21 11:59:08,951:utils.stats:INFO:PRINTING STATS FOR POST_GEN
2024-03-21 11:59:08,951:utils.stats:INFO:SNAP AVG: 0.0068387116250000005
2024-03-21 11:59:08,951:utils.stats:INFO:SNAP FRQ: 8
2024-03-21 11:59:08,951:utils.stats:INFO:CML AVG : 0.006933752655021834
2024-03-21 11:59:08,951:utils.stats:INFO:CML FRQ : 229
2024-03-21 11:59:08,951:utils.stats:INFO:-----------------------------------------
2024-03-21 11:59:08,951:utils.stats:INFO:-----------------------------------------
2024-03-21 11:59:08,951:utils.stats:INFO:PRINTING STATS FOR LXSW_GEN
2024-03-21 11:59:08,951:utils.stats:INFO:SNAP AVG: 0.018440764375
2024-03-21 11:59:08,951:utils.stats:INFO:SNAP FRQ: 8
2024-03-21 11:59:08,951:utils.stats:INFO:CML AVG : 0.019507912864628822
2024-03-21 11:59:08,951:utils.stats:INFO:CML FRQ : 229
2024-03-21 11:59:08,951:utils.stats:INFO:-----------------------------------------
2024-03-21 11:59:08,951:utils.stats:INFO:-----------------------------------------
2024-03-21 11:59:08,951:utils.stats:INFO:PRINTING STATS FOR GET_DIST
2024-03-21 11:59:08,951:utils.stats:INFO:SNAP AVG: 0.012940657
2024-03-21 11:59:08,952:utils.stats:INFO:SNAP FRQ: 1
2024-03-21 11:59:08,952:utils.stats:INFO:CML AVG : 0.037845689372093025
2024-03-21 11:59:08,952:utils.stats:INFO:CML FRQ : 43
2024-03-21 11:59:08,952:utils.stats:INFO:-----------------------------------------
2024-03-21 11:59:11,283:utils.stats:INFO:-----------------------------------------
2024-03-21 11:59:11,283:utils.stats:INFO:PRINTING STATS FOR LST_GEN
2024-03-21 11:59:11,283:utils.stats:INFO:SNAP AVG: 0.00355163046875
2024-03-21 11:59:11,283:utils.stats:INFO:SNAP FRQ: 32
2024-03-21 11:59:11,283:utils.stats:INFO:CML AVG : 0.0036908481767614337
2024-03-21 11:59:11,283:utils.stats:INFO:CML FRQ : 809
2024-03-21 11:59:11,283:utils.stats:INFO:-----------------------------------------
2024-03-21 11:59:11,283:utils.stats:INFO:-----------------------------------------
2024-03-21 11:59:11,283:utils.stats:INFO:PRINTING STATS FOR POST_GEN
2024-03-21 11:59:11,283:utils.stats:INFO:SNAP AVG: 0.0067589082222222225
2024-03-21 11:59:11,283:utils.stats:INFO:SNAP FRQ: 9
2024-03-21 11:59:11,283:utils.stats:INFO:CML AVG : 0.006927140890756302
2024-03-21 11:59:11,283:utils.stats:INFO:CML FRQ : 238
2024-03-21 11:59:11,283:utils.stats:INFO:-----------------------------------------
2024-03-21 11:59:11,283:utils.stats:INFO:-----------------------------------------
2024-03-21 11:59:11,283:utils.stats:INFO:PRINTING STATS FOR LXSW_GEN
2024-03-21 11:59:11,283:utils.stats:INFO:SNAP AVG: 0.019416471555555554
2024-03-21 11:59:11,283:utils.stats:INFO:SNAP FRQ: 9
2024-03-21 11:59:11,283:utils.stats:INFO:CML AVG : 0.019504455
2024-03-21 11:59:11,283:utils.stats:INFO:CML FRQ : 238
2024-03-21 11:59:11,283:utils.stats:INFO:-----------------------------------------
2024-03-21 11:59:11,283:utils.stats:INFO:-----------------------------------------
2024-03-21 11:59:11,283:utils.stats:INFO:PRINTING STATS FOR GET_DIST
2024-03-21 11:59:11,283:utils.stats:INFO:SNAP AVG: 0.0130660495
2024-03-21 11:59:11,283:utils.stats:INFO:SNAP FRQ: 2
2024-03-21 11:59:11,283:utils.stats:INFO:CML AVG : 0.036744372044444445
2024-03-21 11:59:11,283:utils.stats:INFO:CML FRQ : 45
2024-03-21 11:59:11,283:utils.stats:INFO:-----------------------------------------
2024-03-21 11:59:13,397:utils.stats:INFO:-----------------------------------------
2024-03-21 11:59:13,397:utils.stats:INFO:PRINTING STATS FOR LST_GEN
2024-03-21 11:59:13,397:utils.stats:INFO:SNAP AVG: 0.0030695705357142856
2024-03-21 11:59:13,397:utils.stats:INFO:SNAP FRQ: 28
2024-03-21 11:59:13,397:utils.stats:INFO:CML AVG : 0.003670064695340501
2024-03-21 11:59:13,397:utils.stats:INFO:CML FRQ : 837
2024-03-21 11:59:13,397:utils.stats:INFO:-----------------------------------------
2024-03-21 11:59:13,397:utils.stats:INFO:-----------------------------------------
2024-03-21 11:59:13,397:utils.stats:INFO:PRINTING STATS FOR POST_GEN
2024-03-21 11:59:13,397:utils.stats:INFO:SNAP AVG: 0.0065857065
2024-03-21 11:59:13,397:utils.stats:INFO:SNAP FRQ: 8
2024-03-21 11:59:13,397:utils.stats:INFO:CML AVG : 0.006916037333333333
2024-03-21 11:59:13,397:utils.stats:INFO:CML FRQ : 246
2024-03-21 11:59:13,397:utils.stats:INFO:-----------------------------------------
2024-03-21 11:59:13,397:utils.stats:INFO:-----------------------------------------
2024-03-21 11:59:13,397:utils.stats:INFO:PRINTING STATS FOR LXSW_GEN
2024-03-21 11:59:13,397:utils.stats:INFO:SNAP AVG: 0.0173598975
2024-03-21 11:59:13,397:utils.stats:INFO:SNAP FRQ: 8
2024-03-21 11:59:13,397:utils.stats:INFO:CML AVG : 0.019434713292682926
2024-03-21 11:59:13,397:utils.stats:INFO:CML FRQ : 246
2024-03-21 11:59:13,397:utils.stats:INFO:-----------------------------------------
2024-03-21 11:59:13,397:utils.stats:INFO:-----------------------------------------
2024-03-21 11:59:13,397:utils.stats:INFO:PRINTING STATS FOR GET_DIST
2024-03-21 11:59:13,397:utils.stats:INFO:SNAP AVG: 0.012457604
2024-03-21 11:59:13,397:utils.stats:INFO:SNAP FRQ: 1
2024-03-21 11:59:13,397:utils.stats:INFO:CML AVG : 0.03621639882608695
2024-03-21 11:59:13,397:utils.stats:INFO:CML FRQ : 46
2024-03-21 11:59:13,397:utils.stats:INFO:-----------------------------------------
2024-03-21 11:59:15,702:utils.stats:INFO:-----------------------------------------
2024-03-21 11:59:15,702:utils.stats:INFO:PRINTING STATS FOR LST_GEN
2024-03-21 11:59:15,702:utils.stats:INFO:SNAP AVG: 0.004000164307692308
2024-03-21 11:59:15,702:utils.stats:INFO:SNAP FRQ: 26
2024-03-21 11:59:15,702:utils.stats:INFO:CML AVG : 0.0036800097589803015
2024-03-21 11:59:15,702:utils.stats:INFO:CML FRQ : 863
2024-03-21 11:59:15,702:utils.stats:INFO:-----------------------------------------
2024-03-21 11:59:15,702:utils.stats:INFO:-----------------------------------------
2024-03-21 11:59:15,702:utils.stats:INFO:PRINTING STATS FOR POST_GEN
2024-03-21 11:59:15,702:utils.stats:INFO:SNAP AVG: 0.0066553908571428564
2024-03-21 11:59:15,702:utils.stats:INFO:SNAP FRQ: 7
2024-03-21 11:59:15,702:utils.stats:INFO:CML AVG : 0.006908825770750988
2024-03-21 11:59:15,702:utils.stats:INFO:CML FRQ : 253
2024-03-21 11:59:15,702:utils.stats:INFO:-----------------------------------------
2024-03-21 11:59:15,702:utils.stats:INFO:-----------------------------------------
2024-03-21 11:59:15,702:utils.stats:INFO:PRINTING STATS FOR LXSW_GEN
2024-03-21 11:59:15,702:utils.stats:INFO:SNAP AVG: 0.021544395428571426
2024-03-21 11:59:15,702:utils.stats:INFO:SNAP FRQ: 7
2024-03-21 11:59:15,702:utils.stats:INFO:CML AVG : 0.01949308394466403
2024-03-21 11:59:15,702:utils.stats:INFO:CML FRQ : 253
2024-03-21 11:59:15,702:utils.stats:INFO:-----------------------------------------
2024-03-21 11:59:15,702:utils.stats:INFO:-----------------------------------------
2024-03-21 11:59:15,702:utils.stats:INFO:PRINTING STATS FOR GET_DIST
2024-03-21 11:59:15,703:utils.stats:INFO:SNAP AVG: 0.01274146
2024-03-21 11:59:15,703:utils.stats:INFO:SNAP FRQ: 1
2024-03-21 11:59:15,703:utils.stats:INFO:CML AVG : 0.03571693204255319
2024-03-21 11:59:15,703:utils.stats:INFO:CML FRQ : 47
2024-03-21 11:59:15,703:utils.stats:INFO:-----------------------------------------
2024-03-21 11:59:17,974:utils.stats:INFO:-----------------------------------------
2024-03-21 11:59:17,974:utils.stats:INFO:PRINTING STATS FOR LST_GEN
2024-03-21 11:59:17,974:utils.stats:INFO:SNAP AVG: 0.0036867470740740743
2024-03-21 11:59:17,974:utils.stats:INFO:SNAP FRQ: 27
2024-03-21 11:59:17,975:utils.stats:INFO:CML AVG : 0.003680214149438202
2024-03-21 11:59:17,975:utils.stats:INFO:CML FRQ : 890
2024-03-21 11:59:17,975:utils.stats:INFO:-----------------------------------------
2024-03-21 11:59:17,975:utils.stats:INFO:-----------------------------------------
2024-03-21 11:59:17,975:utils.stats:INFO:PRINTING STATS FOR POST_GEN
2024-03-21 11:59:17,975:utils.stats:INFO:SNAP AVG: 0.006841068666666667
2024-03-21 11:59:17,975:utils.stats:INFO:SNAP FRQ: 9
2024-03-21 11:59:17,975:utils.stats:INFO:CML AVG : 0.006906498236641222
2024-03-21 11:59:17,975:utils.stats:INFO:CML FRQ : 262
2024-03-21 11:59:17,975:utils.stats:INFO:-----------------------------------------
2024-03-21 11:59:17,975:utils.stats:INFO:-----------------------------------------
2024-03-21 11:59:17,975:utils.stats:INFO:PRINTING STATS FOR LXSW_GEN
2024-03-21 11:59:17,975:utils.stats:INFO:SNAP AVG: 0.017928503444444445
2024-03-21 11:59:17,975:utils.stats:INFO:SNAP FRQ: 9
2024-03-21 11:59:17,975:utils.stats:INFO:CML AVG : 0.0194393388129771
2024-03-21 11:59:17,975:utils.stats:INFO:CML FRQ : 262
2024-03-21 11:59:17,975:utils.stats:INFO:-----------------------------------------
2024-03-21 11:59:17,975:utils.stats:INFO:-----------------------------------------
2024-03-21 11:59:17,975:utils.stats:INFO:PRINTING STATS FOR GET_DIST
2024-03-21 11:59:17,975:utils.stats:INFO:SNAP AVG: 0.012557025999999999
2024-03-21 11:59:17,975:utils.stats:INFO:SNAP FRQ: 2
2024-03-21 11:59:17,975:utils.stats:INFO:CML AVG : 0.034771629755102035
2024-03-21 11:59:17,975:utils.stats:INFO:CML FRQ : 49
2024-03-21 11:59:17,975:utils.stats:INFO:-----------------------------------------
